Start testing: Feb 09 10:20 中国标准时间
----------------------------------------------------------
1/10 Testing: test_01_create_destroy
1/10 Test: test_01_create_destroy
Command: "C:/Users/admin/c-exam-wuqiuyu-6/bin/test_01_create_destroy.exe"
Directory: C:/Users/admin/c-exam-wuqiuyu-6/build
"test_01_create_destroy" start time: Feb 09 10:20 中国标准时间
Output:
----------------------------------------------------------
========================================
   Test 1: Create and Destroy
========================================

  [PASS] C:/Users/admin/c-exam-wuqiuyu-6/test/test_01_create_destroy.c:47
  [PASS] C:/Users/admin/c-exam-wuqiuyu-6/test/test_01_create_destroy.c:49

========================================
   Results: 2 passed, 0 failed
========================================
<end of output>
Test time =   0.01 sec
----------------------------------------------------------
Test Passed.
"test_01_create_destroy" end time: Feb 09 10:20 中国标准时间
"test_01_create_destroy" time elapsed: 00:00:00
----------------------------------------------------------

2/10 Testing: test_02_is_empty
2/10 Test: test_02_is_empty
Command: "C:/Users/admin/c-exam-wuqiuyu-6/bin/test_02_is_empty.exe"
Directory: C:/Users/admin/c-exam-wuqiuyu-6/build
"test_02_is_empty" start time: Feb 09 10:20 中国标准时间
Output:
----------------------------------------------------------
========================================
   Test 2: Is Empty
========================================

  [PASS] C:/Users/admin/c-exam-wuqiuyu-6/test/test_02_is_empty.c:47
  [PASS] C:/Users/admin/c-exam-wuqiuyu-6/test/test_02_is_empty.c:50
  [PASS] C:/Users/admin/c-exam-wuqiuyu-6/test/test_02_is_empty.c:53

========================================
   Results: 3 passed, 0 failed
========================================
<end of output>
Test time =   0.01 sec
----------------------------------------------------------
Test Passed.
"test_02_is_empty" end time: Feb 09 10:20 中国标准时间
"test_02_is_empty" time elapsed: 00:00:00
----------------------------------------------------------

3/10 Testing: test_03_enqueue_dequeue
3/10 Test: test_03_enqueue_dequeue
Command: "C:/Users/admin/c-exam-wuqiuyu-6/bin/test_03_enqueue_dequeue.exe"
Directory: C:/Users/admin/c-exam-wuqiuyu-6/build
"test_03_enqueue_dequeue" start time: Feb 09 10:20 中国标准时间
Output:
----------------------------------------------------------
========================================
   Test 3: Enqueue and Dequeue
========================================

  [PASS] C:/Users/admin/c-exam-wuqiuyu-6/test/test_03_enqueue_dequeue.c:48
  [PASS] C:/Users/admin/c-exam-wuqiuyu-6/test/test_03_enqueue_dequeue.c:49
  [PASS] C:/Users/admin/c-exam-wuqiuyu-6/test/test_03_enqueue_dequeue.c:50
  [PASS] C:/Users/admin/c-exam-wuqiuyu-6/test/test_03_enqueue_dequeue.c:53
  [PASS] C:/Users/admin/c-exam-wuqiuyu-6/test/test_03_enqueue_dequeue.c:54
  [PASS] C:/Users/admin/c-exam-wuqiuyu-6/test/test_03_enqueue_dequeue.c:56
  [PASS] C:/Users/admin/c-exam-wuqiuyu-6/test/test_03_enqueue_dequeue.c:57
  [PASS] C:/Users/admin/c-exam-wuqiuyu-6/test/test_03_enqueue_dequeue.c:59
  [PASS] C:/Users/admin/c-exam-wuqiuyu-6/test/test_03_enqueue_dequeue.c:60
  [PASS] C:/Users/admin/c-exam-wuqiuyu-6/test/test_03_enqueue_dequeue.c:62

========================================
   Results: 10 passed, 0 failed
========================================
<end of output>
Test time =   0.01 sec
----------------------------------------------------------
Test Passed.
"test_03_enqueue_dequeue" end time: Feb 09 10:20 中国标准时间
"test_03_enqueue_dequeue" time elapsed: 00:00:00
----------------------------------------------------------

4/10 Testing: test_04_front
4/10 Test: test_04_front
Command: "C:/Users/admin/c-exam-wuqiuyu-6/bin/test_04_front.exe"
Directory: C:/Users/admin/c-exam-wuqiuyu-6/build
"test_04_front" start time: Feb 09 10:20 中国标准时间
Output:
----------------------------------------------------------
========================================
   Test 4: Front Element
========================================

  [PASS] C:/Users/admin/c-exam-wuqiuyu-6/test/test_04_front.c:38
  [PASS] C:/Users/admin/c-exam-wuqiuyu-6/test/test_04_front.c:41
  [PASS] C:/Users/admin/c-exam-wuqiuyu-6/test/test_04_front.c:44

========================================
   Results: 3 passed, 0 failed
========================================
<end of output>
Test time =   0.01 sec
----------------------------------------------------------
Test Passed.
"test_04_front" end time: Feb 09 10:20 中国标准时间
"test_04_front" time elapsed: 00:00:00
----------------------------------------------------------

5/10 Testing: test_05_back
5/10 Test: test_05_back
Command: "C:/Users/admin/c-exam-wuqiuyu-6/bin/test_05_back.exe"
Directory: C:/Users/admin/c-exam-wuqiuyu-6/build
"test_05_back" start time: Feb 09 10:20 中国标准时间
Output:
----------------------------------------------------------
========================================
   Test 5: Back Element
========================================

  [PASS] C:/Users/admin/c-exam-wuqiuyu-6/test/test_05_back.c:38
  [PASS] C:/Users/admin/c-exam-wuqiuyu-6/test/test_05_back.c:41
  [PASS] C:/Users/admin/c-exam-wuqiuyu-6/test/test_05_back.c:44
  [PASS] C:/Users/admin/c-exam-wuqiuyu-6/test/test_05_back.c:47

========================================
   Results: 4 passed, 0 failed
========================================
<end of output>
Test time =   0.01 sec
----------------------------------------------------------
Test Passed.
"test_05_back" end time: Feb 09 10:20 中国标准时间
"test_05_back" time elapsed: 00:00:00
----------------------------------------------------------

6/10 Testing: test_06_size
6/10 Test: test_06_size
Command: "C:/Users/admin/c-exam-wuqiuyu-6/bin/test_06_size.exe"
Directory: C:/Users/admin/c-exam-wuqiuyu-6/build
"test_06_size" start time: Feb 09 10:20 中国标准时间
Output:
----------------------------------------------------------
========================================
   Test 6: Queue Size
========================================

  [PASS] C:/Users/admin/c-exam-wuqiuyu-6/test/test_06_size.c:37
  [PASS] C:/Users/admin/c-exam-wuqiuyu-6/test/test_06_size.c:40
  [PASS] C:/Users/admin/c-exam-wuqiuyu-6/test/test_06_size.c:44
  [PASS] C:/Users/admin/c-exam-wuqiuyu-6/test/test_06_size.c:47
  [PASS] C:/Users/admin/c-exam-wuqiuyu-6/test/test_06_size.c:51

========================================
   Results: 5 passed, 0 failed
========================================
<end of output>
Test time =   0.01 sec
----------------------------------------------------------
Test Passed.
"test_06_size" end time: Feb 09 10:20 中国标准时间
"test_06_size" time elapsed: 00:00:00
----------------------------------------------------------

7/10 Testing: test_07_clear
7/10 Test: test_07_clear
Command: "C:/Users/admin/c-exam-wuqiuyu-6/bin/test_07_clear.exe"
Directory: C:/Users/admin/c-exam-wuqiuyu-6/build
"test_07_clear" start time: Feb 09 10:20 中国标准时间
Output:
----------------------------------------------------------
========================================
   Test 7: Clear Queue
========================================

  [PASS] C:/Users/admin/c-exam-wuqiuyu-6/test/test_07_clear.c:40
  [PASS] C:/Users/admin/c-exam-wuqiuyu-6/test/test_07_clear.c:43
  [PASS] C:/Users/admin/c-exam-wuqiuyu-6/test/test_07_clear.c:44

========================================
   Results: 3 passed, 0 failed
========================================
<end of output>
Test time =   0.01 sec
----------------------------------------------------------
Test Passed.
"test_07_clear" end time: Feb 09 10:20 中国标准时间
"test_07_clear" time elapsed: 00:00:00
----------------------------------------------------------

8/10 Testing: test_08_dequeue_value
8/10 Test: test_08_dequeue_value
Command: "C:/Users/admin/c-exam-wuqiuyu-6/bin/test_08_dequeue_value.exe"
Directory: C:/Users/admin/c-exam-wuqiuyu-6/build
"test_08_dequeue_value" start time: Feb 09 10:20 中国标准时间
Output:
----------------------------------------------------------
========================================
   Test 8: Dequeue with Value
========================================

  [PASS] C:/Users/admin/c-exam-wuqiuyu-6/test/test_08_dequeue_value.c:52
  [PASS] C:/Users/admin/c-exam-wuqiuyu-6/test/test_08_dequeue_value.c:53
  [PASS] C:/Users/admin/c-exam-wuqiuyu-6/test/test_08_dequeue_value.c:55
  [PASS] C:/Users/admin/c-exam-wuqiuyu-6/test/test_08_dequeue_value.c:56
  [PASS] C:/Users/admin/c-exam-wuqiuyu-6/test/test_08_dequeue_value.c:58

========================================
   Results: 5 passed, 0 failed
========================================
<end of output>
Test time =   0.01 sec
----------------------------------------------------------
Test Passed.
"test_08_dequeue_value" end time: Feb 09 10:20 中国标准时间
"test_08_dequeue_value" time elapsed: 00:00:00
----------------------------------------------------------

9/10 Testing: test_09_unlimited_capacity
9/10 Test: test_09_unlimited_capacity
Command: "C:/Users/admin/c-exam-wuqiuyu-6/bin/test_09_unlimited_capacity.exe"
Directory: C:/Users/admin/c-exam-wuqiuyu-6/build
"test_09_unlimited_capacity" start time: Feb 09 10:20 中国标准时间
Output:
----------------------------------------------------------
========================================
   Test 9: Unlimited Capacity
========================================

  [PASS] C:/Users/admin/c-exam-wuqiuyu-6/test/test_09_unlimited_capacity.c:39
  [PASS] C:/Users/admin/c-exam-wuqiuyu-6/test/test_09_unlimited_capacity.c:39
  [PASS] C:/Users/admin/c-exam-wuqiuyu-6/test/test_09_unlimited_capacity.c:39
  [PASS] C:/Users/admin/c-exam-wuqiuyu-6/test/test_09_unlimited_capacity.c:39
  [PASS] C:/Users/admin/c-exam-wuqiuyu-6/test/test_09_unlimited_capacity.c:39
  [PASS] C:/Users/admin/c-exam-wuqiuyu-6/test/test_09_unlimited_capacity.c:39
  [PASS] C:/Users/admin/c-exam-wuqiuyu-6/test/test_09_unlimited_capacity.c:39
  [PASS] C:/Users/admin/c-exam-wuqiuyu-6/test/test_09_unlimited_capacity.c:39
  [PASS] C:/Users/admin/c-exam-wuqiuyu-6/test/test_09_unlimited_capacity.c:39
  [PASS] C:/Users/admin/c-exam-wuqiuyu-6/test/test_09_unlimited_capacity.c:39
  [PASS] C:/Users/admin/c-exam-wuqiuyu-6/test/test_09_unlimited_capacity.c:39
  [PASS] C:/Users/admin/c-exam-wuqiuyu-6/test/test_09_unlimited_capacity.c:39
  [PASS] C:/Users/admin/c-exam-wuqiuyu-6/test/test_09_unlimited_capacity.c:39
  [PASS] C:/Users/admin/c-exam-wuqiuyu-6/test/test_09_unlimited_capacity.c:39
  [PASS] C:/Users/admin/c-exam-wuqiuyu-6/test/test_09_unlimited_capacity.c:39
  [PASS] C:/Users/admin/c-exam-wuqiuyu-6/test/test_09_unlimited_capacity.c:39
  [PASS] C:/Users/admin/c-exam-wuqiuyu-6/test/test_09_unlimited_capacity.c:39
  [PASS] C:/Users/admin/c-exam-wuqiuyu-6/test/test_09_unlimited_capacity.c:39
  [PASS] C:/Users/admin/c-exam-wuqiuyu-6/test/test_09_unlimited_capacity.c:39
  [PASS] C:/Users/admin/c-exam-wuqiuyu-6/test/test_09_unlimited_capacity.c:39
  [PASS] C:/Users/admin/c-exam-wuqiuyu-6/test/test_09_unlimited_capacity.c:39
  [PASS] C:/Users/admin/c-exam-wuqiuyu-6/test/test_09_unlimited_capacity.c:39
  [PASS] C:/Users/admin/c-exam-wuqiuyu-6/test/test_09_unlimited_capacity.c:39
  [PASS] C:/Users/admin/c-exam-wuqiuyu-6/test/test_09_unlimited_capacity.c:39
  [PASS] C:/Users/admin/c-exam-wuqiuyu-6/test/test_09_unlimited_capacity.c:39
  [PASS] C:/Users/admin/c-exam-wuqiuyu-6/test/test_09_unlimited_capacity.c:39
  [PASS] C:/Users/admin/c-exam-wuqiuyu-6/test/test_09_unlimited_capacity.c:39
  [PASS] C:/Users/admin/c-exam-wuqiuyu-6/test/test_09_unlimited_capacity.c:39
  [PASS] C:/Users/admin/c-exam-wuqiuyu-6/test/test_09_unlimited_capacity.c:39
  [PASS] C:/Users/admin/c-exam-wuqiuyu-6/test/test_09_unlimited_capacity.c:39
  [PASS] C:/Users/admin/c-exam-wuqiuyu-6/test/test_09_unlimited_capacity.c:39
  [PASS] C:/Users/admin/c-exam-wuqiuyu-6/test/test_09_unlimited_capacity.c:39
  [PASS] C:/Users/admin/c-exam-wuqiuyu-6/test/test_09_unlimited_capacity.c:39
  [PASS] C:/Users/admin/c-exam-wuqiuyu-6/test/test_09_unlimited_capacity.c:39
  [PASS] C:/Users/admin/c-exam-wuqiuyu-6/test/test_09_unlimited_capacity.c:39
  [PASS] C:/Users/admin/c-exam-wuqiuyu-6/test/test_09_unlimited_capacity.c:39
  [PASS] C:/Users/admin/c-exam-wuqiuyu-6/test/test_09_unlimited_capacity.c:39
  [PASS] C:/Users/admin/c-exam-wuqiuyu-6/test/test_09_unlimited_capacity.c:39
  [PASS] C:/Users/admin/c-exam-wuqiuyu-6/test/test_09_unlimited_capacity.c:39
  [PASS] C:/Users/admin/c-exam-wuqiuyu-6/test/test_09_unlimited_capacity.c:39
  [PASS] C:/Users/admin/c-exam-wuqiuyu-6/test/test_09_unlimited_capacity.c:39
  [PASS] C:/Users/admin/c-exam-wuqiuyu-6/test/test_09_unlimited_capacity.c:39
  [PASS] C:/Users/admin/c-exam-wuqiuyu-6/test/test_09_unlimited_capacity.c:39
  [PASS] C:/Users/admin/c-exam-wuqiuyu-6/test/test_09_unlimited_capacity.c:39
  [PASS] C:/Users/admin/c-exam-wuqiuyu-6/test/test_09_unlimited_capacity.c:39
  [PASS] C:/Users/admin/c-exam-wuqiuyu-6/test/test_09_unlimited_capacity.c:39
  [PASS] C:/Users/admin/c-exam-wuqiuyu-6/test/test_09_unlimited_capacity.c:39
  [PASS] C:/Users/admin/c-exam-wuqiuyu-6/test/test_09_unlimited_capacity.c:39
  [PASS] C:/Users/admin/c-exam-wuqiuyu-6/test/test_09_unlimited_capacity.c:39
  [PASS] C:/Users/admin/c-exam-wuqiuyu-6/test/test_09_unlimited_capacity.c:39
  [PASS] C:/Users/admin/c-exam-wuqiuyu-6/test/test_09_unlimited_capacity.c:39
  [PASS] C:/Users/admin/c-exam-wuqiuyu-6/test/test_09_unlimited_capacity.c:39
  [PASS] C:/Users/admin/c-exam-wuqiuyu-6/test/test_09_unlimited_capacity.c:39
  [PASS] C:/Users/admin/c-exam-wuqiuyu-6/test/test_09_unlimited_capacity.c:39
  [PASS] C:/Users/admin/c-exam-wuqiuyu-6/test/test_09_unlimited_capacity.c:39
  [PASS] C:/Users/admin/c-exam-wuqiuyu-6/test/test_09_unlimited_capacity.c:39
  [PASS] C:/Users/admin/c-exam-wuqiuyu-6/test/test_09_unlimited_capacity.c:39
  [PASS] C:/Users/admin/c-exam-wuqiuyu-6/test/test_09_unlimited_capacity.c:39
  [PASS] C:/Users/admin/c-exam-wuqiuyu-6/test/test_09_unlimited_capacity.c:39
  [PASS] C:/Users/admin/c-exam-wuqiuyu-6/test/test_09_unlimited_capacity.c:39
  [PASS] C:/Users/admin/c-exam-wuqiuyu-6/test/test_09_unlimited_capacity.c:39
  [PASS] C:/Users/admin/c-exam-wuqiuyu-6/test/test_09_unlimited_capacity.c:39
  [PASS] C:/Users/admin/c-exam-wuqiuyu-6/test/test_09_unlimited_capacity.c:39
  [PASS] C:/Users/admin/c-exam-wuqiuyu-6/test/test_09_unlimited_capacity.c:39
  [PASS] C:/Users/admin/c-exam-wuqiuyu-6/test/test_09_unlimited_capacity.c:39
  [PASS] C:/Users/admin/c-exam-wuqiuyu-6/test/test_09_unlimited_capacity.c:39
  [PASS] C:/Users/admin/c-exam-wuqiuyu-6/test/test_09_unlimited_capacity.c:39
  [PASS] C:/Users/admin/c-exam-wuqiuyu-6/test/test_09_unlimited_capacity.c:39
  [PASS] C:/Users/admin/c-exam-wuqiuyu-6/test/test_09_unlimited_capacity.c:39
  [PASS] C:/Users/admin/c-exam-wuqiuyu-6/test/test_09_unlimited_capacity.c:39
  [PASS] C:/Users/admin/c-exam-wuqiuyu-6/test/test_09_unlimited_capacity.c:39
  [PASS] C:/Users/admin/c-exam-wuqiuyu-6/test/test_09_unlimited_capacity.c:39
  [PASS] C:/Users/admin/c-exam-wuqiuyu-6/test/test_09_unlimited_capacity.c:39
  [PASS] C:/Users/admin/c-exam-wuqiuyu-6/test/test_09_unlimited_capacity.c:39
  [PASS] C:/Users/admin/c-exam-wuqiuyu-6/test/test_09_unlimited_capacity.c:39
  [PASS] C:/Users/admin/c-exam-wuqiuyu-6/test/test_09_unlimited_capacity.c:39
  [PASS] C:/Users/admin/c-exam-wuqiuyu-6/test/test_09_unlimited_capacity.c:39
  [PASS] C:/Users/admin/c-exam-wuqiuyu-6/test/test_09_unlimited_capacity.c:39
  [PASS] C:/Users/admin/c-exam-wuqiuyu-6/test/test_09_unlimited_capacity.c:39
  [PASS] C:/Users/admin/c-exam-wuqiuyu-6/test/test_09_unlimited_capacity.c:39
  [PASS] C:/Users/admin/c-exam-wuqiuyu-6/test/test_09_unlimited_capacity.c:39
  [PASS] C:/Users/admin/c-exam-wuqiuyu-6/test/test_09_unlimited_capacity.c:39
  [PASS] C:/Users/admin/c-exam-wuqiuyu-6/test/test_09_unlimited_capacity.c:39
  [PASS] C:/Users/admin/c-exam-wuqiuyu-6/test/test_09_unlimited_capacity.c:39
  [PASS] C:/Users/admin/c-exam-wuqiuyu-6/test/test_09_unlimited_capacity.c:39
  [PASS] C:/Users/admin/c-exam-wuqiuyu-6/test/test_09_unlimited_capacity.c:39
  [PASS] C:/Users/admin/c-exam-wuqiuyu-6/test/test_09_unlimited_capacity.c:39
  [PASS] C:/Users/admin/c-exam-wuqiuyu-6/test/test_09_unlimited_capacity.c:39
  [PASS] C:/Users/admin/c-exam-wuqiuyu-6/test/test_09_unlimited_capacity.c:39
  [PASS] C:/Users/admin/c-exam-wuqiuyu-6/test/test_09_unlimited_capacity.c:39
  [PASS] C:/Users/admin/c-exam-wuqiuyu-6/test/test_09_unlimited_capacity.c:39
  [PASS] C:/Users/admin/c-exam-wuqiuyu-6/test/test_09_unlimited_capacity.c:39
  [PASS] C:/Users/admin/c-exam-wuqiuyu-6/test/test_09_unlimited_capacity.c:39
  [PASS] C:/Users/admin/c-exam-wuqiuyu-6/test/test_09_unlimited_capacity.c:39
  [PASS] C:/Users/admin/c-exam-wuqiuyu-6/test/test_09_unlimited_capacity.c:39
  [PASS] C:/Users/admin/c-exam-wuqiuyu-6/test/test_09_unlimited_capacity.c:39
  [PASS] C:/Users/admin/c-exam-wuqiuyu-6/test/test_09_unlimited_capacity.c:39
  [PASS] C:/Users/admin/c-exam-wuqiuyu-6/test/test_09_unlimited_capacity.c:39
  [PASS] C:/Users/admin/c-exam-wuqiuyu-6/test/test_09_unlimited_capacity.c:39
  [PASS] C:/Users/admin/c-exam-wuqiuyu-6/test/test_09_unlimited_capacity.c:39
  [PASS] C:/Users/admin/c-exam-wuqiuyu-6/test/test_09_unlimited_capacity.c:39
  [PASS] C:/Users/admin/c-exam-wuqiuyu-6/test/test_09_unlimited_capacity.c:39
  [PASS] C:/Users/admin/c-exam-wuqiuyu-6/test/test_09_unlimited_capacity.c:39
  [PASS] C:/Users/admin/c-exam-wuqiuyu-6/test/test_09_unlimited_capacity.c:39
  [PASS] C:/Users/admin/c-exam-wuqiuyu-6/test/test_09_unlimited_capacity.c:39
  [PASS] C:/Users/admin/c-exam-wuqiuyu-6/test/test_09_unlimited_capacity.c:39
  [PASS] C:/Users/admin/c-exam-wuqiuyu-6/test/test_09_unlimited_capacity.c:39
  [PASS] C:/Users/admin/c-exam-wuqiuyu-6/test/test_09_unlimited_capacity.c:39
  [PASS] C:/Users/admin/c-exam-wuqiuyu-6/test/test_09_unlimited_capacity.c:39
  [PASS] C:/Users/admin/c-exam-wuqiuyu-6/test/test_09_unlimited_capacity.c:39
  [PASS] C:/Users/admin/c-exam-wuqiuyu-6/test/test_09_unlimited_capacity.c:39
  [PASS] C:/Users/admin/c-exam-wuqiuyu-6/test/test_09_unlimited_capacity.c:39
  [PASS] C:/Users/admin/c-exam-wuqiuyu-6/test/test_09_unlimited_capacity.c:39
  [PASS] C:/Users/admin/c-exam-wuqiuyu-6/test/test_09_unlimited_capacity.c:39
  [PASS] C:/Users/admin/c-exam-wuqiuyu-6/test/test_09_unlimited_capacity.c:39
  [PASS] C:/Users/admin/c-exam-wuqiuyu-6/test/test_09_unlimited_capacity.c:39
  [PASS] C:/Users/admin/c-exam-wuqiuyu-6/test/test_09_unlimited_capacity.c:39
  [PASS] C:/Users/admin/c-exam-wuqiuyu-6/test/test_09_unlimited_capacity.c:39
  [PASS] C:/Users/admin/c-exam-wuqiuyu-6/test/test_09_unlimited_capacity.c:39
  [PASS] C:/Users/admin/c-exam-wuqiuyu-6/test/test_09_unlimited_capacity.c:39
  [PASS] C:/Users/admin/c-exam-wuqiuyu-6/test/test_09_unlimited_capacity.c:39
  [PASS] C:/Users/admin/c-exam-wuqiuyu-6/test/test_09_unlimited_capacity.c:39
  [PASS] C:/Users/admin/c-exam-wuqiuyu-6/test/test_09_unlimited_capacity.c:39
  [PASS] C:/Users/admin/c-exam-wuqiuyu-6/test/test_09_unlimited_capacity.c:39
  [PASS] C:/Users/admin/c-exam-wuqiuyu-6/test/test_09_unlimited_capacity.c:39
  [PASS] C:/Users/admin/c-exam-wuqiuyu-6/test/test_09_unlimited_capacity.c:39
  [PASS] C:/Users/admin/c-exam-wuqiuyu-6/test/test_09_unlimited_capacity.c:39
  [PASS] C:/Users/admin/c-exam-wuqiuyu-6/test/test_09_unlimited_capacity.c:39
  [PASS] C:/Users/admin/c-exam-wuqiuyu-6/test/test_09_unlimited_capacity.c:39
  [PASS] C:/Users/admin/c-exam-wuqiuyu-6/test/test_09_unlimited_capacity.c:39
  [PASS] C:/Users/admin/c-exam-wuqiuyu-6/test/test_09_unlimited_capacity.c:39
  [PASS] C:/Users/admin/c-exam-wuqiuyu-6/test/test_09_unlimited_capacity.c:39
  [PASS] C:/Users/admin/c-exam-wuqiuyu-6/test/test_09_unlimited_capacity.c:39
  [PASS] C:/Users/admin/c-exam-wuqiuyu-6/test/test_09_unlimited_capacity.c:39
  [PASS] C:/Users/admin/c-exam-wuqiuyu-6/test/test_09_unlimited_capacity.c:39
  [PASS] C:/Users/admin/c-exam-wuqiuyu-6/test/test_09_unlimited_capacity.c:39
  [PASS] C:/Users/admin/c-exam-wuqiuyu-6/test/test_09_unlimited_capacity.c:39
  [PASS] C:/Users/admin/c-exam-wuqiuyu-6/test/test_09_unlimited_capacity.c:39
  [PASS] C:/Users/admin/c-exam-wuqiuyu-6/test/test_09_unlimited_capacity.c:39
  [PASS] C:/Users/admin/c-exam-wuqiuyu-6/test/test_09_unlimited_capacity.c:39
  [PASS] C:/Users/admin/c-exam-wuqiuyu-6/test/test_09_unlimited_capacity.c:39
  [PASS] C:/Users/admin/c-exam-wuqiuyu-6/test/test_09_unlimited_capacity.c:39
  [PASS] C:/Users/admin/c-exam-wuqiuyu-6/test/test_09_unlimited_capacity.c:39
  [PASS] C:/Users/admin/c-exam-wuqiuyu-6/test/test_09_unlimited_capacity.c:39
  [PASS] C:/Users/admin/c-exam-wuqiuyu-6/test/test_09_unlimited_capacity.c:39
  [PASS] C:/Users/admin/c-exam-wuqiuyu-6/test/test_09_unlimited_capacity.c:39
  [PASS] C:/Users/admin/c-exam-wuqiuyu-6/test/test_09_unlimited_capacity.c:39
  [PASS] C:/Users/admin/c-exam-wuqiuyu-6/test/test_09_unlimited_capacity.c:39
  [PASS] C:/Users/admin/c-exam-wuqiuyu-6/test/test_09_unlimited_capacity.c:39
  [PASS] C:/Users/admin/c-exam-wuqiuyu-6/test/test_09_unlimited_capacity.c:39
  [PASS] C:/Users/admin/c-exam-wuqiuyu-6/test/test_09_unlimited_capacity.c:39
  [PASS] C:/Users/admin/c-exam-wuqiuyu-6/test/test_09_unlimited_capacity.c:39
  [PASS] C:/Users/admin/c-exam-wuqiuyu-6/test/test_09_unlimited_capacity.c:39
  [PASS] C:/Users/admin/c-exam-wuqiuyu-6/test/test_09_unlimited_capacity.c:39
  [PASS] C:/Users/admin/c-exam-wuqiuyu-6/test/test_09_unlimited_capacity.c:39
  [PASS] C:/Users/admin/c-exam-wuqiuyu-6/test/test_09_unlimited_capacity.c:39
  [PASS] C:/Users/admin/c-exam-wuqiuyu-6/test/test_09_unlimited_capacity.c:39
  [PASS] C:/Users/admin/c-exam-wuqiuyu-6/test/test_09_unlimited_capacity.c:39
  [PASS] C:/Users/admin/c-exam-wuqiuyu-6/test/test_09_unlimited_capacity.c:39
  [PASS] C:/Users/admin/c-exam-wuqiuyu-6/test/test_09_unlimited_capacity.c:39
  [PASS] C:/Users/admin/c-exam-wuqiuyu-6/test/test_09_unlimited_capacity.c:39
  [PASS] C:/Users/admin/c-exam-wuqiuyu-6/test/test_09_unlimited_capacity.c:39
  [PASS] C:/Users/admin/c-exam-wuqiuyu-6/test/test_09_unlimited_capacity.c:39
  [PASS] C:/Users/admin/c-exam-wuqiuyu-6/test/test_09_unlimited_capacity.c:39
  [PASS] C:/Users/admin/c-exam-wuqiuyu-6/test/test_09_unlimited_capacity.c:39
  [PASS] C:/Users/admin/c-exam-wuqiuyu-6/test/test_09_unlimited_capacity.c:39
  [PASS] C:/Users/admin/c-exam-wuqiuyu-6/test/test_09_unlimited_capacity.c:39
  [PASS] C:/Users/admin/c-exam-wuqiuyu-6/test/test_09_unlimited_capacity.c:39
  [PASS] C:/Users/admin/c-exam-wuqiuyu-6/test/test_09_unlimited_capacity.c:39
  [PASS] C:/Users/admin/c-exam-wuqiuyu-6/test/test_09_unlimited_capacity.c:39
  [PASS] C:/Users/admin/c-exam-wuqiuyu-6/test/test_09_unlimited_capacity.c:39
  [PASS] C:/Users/admin/c-exam-wuqiuyu-6/test/test_09_unlimited_capacity.c:39
  [PASS] C:/Users/admin/c-exam-wuqiuyu-6/test/test_09_unlimited_capacity.c:39
  [PASS] C:/Users/admin/c-exam-wuqiuyu-6/test/test_09_unlimited_capacity.c:39
  [PASS] C:/Users/admin/c-exam-wuqiuyu-6/test/test_09_unlimited_capacity.c:39
  [PASS] C:/Users/admin/c-exam-wuqiuyu-6/test/test_09_unlimited_capacity.c:39
  [PASS] C:/Users/admin/c-exam-wuqiuyu-6/test/test_09_unlimited_capacity.c:39
  [PASS] C:/Users/admin/c-exam-wuqiuyu-6/test/test_09_unlimited_capacity.c:39
  [PASS] C:/Users/admin/c-exam-wuqiuyu-6/test/test_09_unlimited_capacity.c:39
  [PASS] C:/Users/admin/c-exam-wuqiuyu-6/test/test_09_unlimited_capacity.c:39
  [PASS] C:/Users/admin/c-exam-wuqiuyu-6/test/test_09_unlimited_capacity.c:39
  [PASS] C:/Users/admin/c-exam-wuqiuyu-6/test/test_09_unlimited_capacity.c:39
  [PASS] C:/Users/admin/c-exam-wuqiuyu-6/test/test_09_unlimited_capacity.c:39
  [PASS] C:/Users/admin/c-exam-wuqiuyu-6/test/test_09_unlimited_capacity.c:39
  [PASS] C:/Users/admin/c-exam-wuqiuyu-6/test/test_09_unlimited_capacity.c:39
  [PASS] C:/Users/admin/c-exam-wuqiuyu-6/test/test_09_unlimited_capacity.c:39
  [PASS] C:/Users/admin/c-exam-wuqiuyu-6/test/test_09_unlimited_capacity.c:39
  [PASS] C:/Users/admin/c-exam-wuqiuyu-6/test/test_09_unlimited_capacity.c:39
  [PASS] C:/Users/admin/c-exam-wuqiuyu-6/test/test_09_unlimited_capacity.c:39
  [PASS] C:/Users/admin/c-exam-wuqiuyu-6/test/test_09_unlimited_capacity.c:39
  [PASS] C:/Users/admin/c-exam-wuqiuyu-6/test/test_09_unlimited_capacity.c:39
  [PASS] C:/Users/admin/c-exam-wuqiuyu-6/test/test_09_unlimited_capacity.c:39
  [PASS] C:/Users/admin/c-exam-wuqiuyu-6/test/test_09_unlimited_capacity.c:39
  [PASS] C:/Users/admin/c-exam-wuqiuyu-6/test/test_09_unlimited_capacity.c:39
  [PASS] C:/Users/admin/c-exam-wuqiuyu-6/test/test_09_unlimited_capacity.c:39
  [PASS] C:/Users/admin/c-exam-wuqiuyu-6/test/test_09_unlimited_capacity.c:39
  [PASS] C:/Users/admin/c-exam-wuqiuyu-6/test/test_09_unlimited_capacity.c:39
  [PASS] C:/Users/admin/c-exam-wuqiuyu-6/test/test_09_unlimited_capacity.c:39
  [PASS] C:/Users/admin/c-exam-wuqiuyu-6/test/test_09_unlimited_capacity.c:39
  [PASS] C:/Users/admin/c-exam-wuqiuyu-6/test/test_09_unlimited_capacity.c:39
  [PASS] C:/Users/admin/c-exam-wuqiuyu-6/test/test_09_unlimited_capacity.c:39
  [PASS] C:/Users/admin/c-exam-wuqiuyu-6/test/test_09_unlimited_capacity.c:39
  [PASS] C:/Users/admin/c-exam-wuqiuyu-6/test/test_09_unlimited_capacity.c:39
  [PASS] C:/Users/admin/c-exam-wuqiuyu-6/test/test_09_unlimited_capacity.c:39
  [PASS] C:/Users/admin/c-exam-wuqiuyu-6/test/test_09_unlimited_capacity.c:39
  [PASS] C:/Users/admin/c-exam-wuqiuyu-6/test/test_09_unlimited_capacity.c:39
  [PASS] C:/Users/admin/c-exam-wuqiuyu-6/test/test_09_unlimited_capacity.c:39
  [PASS] C:/Users/admin/c-exam-wuqiuyu-6/test/test_09_unlimited_capacity.c:39
  [PASS] C:/Users/admin/c-exam-wuqiuyu-6/test/test_09_unlimited_capacity.c:39
  [PASS] C:/Users/admin/c-exam-wuqiuyu-6/test/test_09_unlimited_capacity.c:39
  [PASS] C:/Users/admin/c-exam-wuqiuyu-6/test/test_09_unlimited_capacity.c:39
  [PASS] C:/Users/admin/c-exam-wuqiuyu-6/test/test_09_unlimited_capacity.c:39
  [PASS] C:/Users/admin/c-exam-wuqiuyu-6/test/test_09_unlimited_capacity.c:39
  [PASS] C:/Users/admin/c-exam-wuqiuyu-6/test/test_09_unlimited_capacity.c:39
  [PASS] C:/Users/admin/c-exam-wuqiuyu-6/test/test_09_unlimited_capacity.c:39
  [PASS] C:/Users/admin/c-exam-wuqiuyu-6/test/test_09_unlimited_capacity.c:39
  [PASS] C:/Users/admin/c-exam-wuqiuyu-6/test/test_09_unlimited_capacity.c:39
  [PASS] C:/Users/admin/c-exam-wuqiuyu-6/test/test_09_unlimited_capacity.c:39
  [PASS] C:/Users/admin/c-exam-wuqiuyu-6/test/test_09_unlimited_capacity.c:39
  [PASS] C:/Users/admin/c-exam-wuqiuyu-6/test/test_09_unlimited_capacity.c:39
  [PASS] C:/Users/admin/c-exam-wuqiuyu-6/test/test_09_unlimited_capacity.c:39
  [PASS] C:/Users/admin/c-exam-wuqiuyu-6/test/test_09_unlimited_capacity.c:39
  [PASS] C:/Users/admin/c-exam-wuqiuyu-6/test/test_09_unlimited_capacity.c:39
  [PASS] C:/Users/admin/c-exam-wuqiuyu-6/test/test_09_unlimited_capacity.c:39
  [PASS] C:/Users/admin/c-exam-wuqiuyu-6/test/test_09_unlimited_capacity.c:39
  [PASS] C:/Users/admin/c-exam-wuqiuyu-6/test/test_09_unlimited_capacity.c:39
  [PASS] C:/Users/admin/c-exam-wuqiuyu-6/test/test_09_unlimited_capacity.c:39
  [PASS] C:/Users/admin/c-exam-wuqiuyu-6/test/test_09_unlimited_capacity.c:39
  [PASS] C:/Users/admin/c-exam-wuqiuyu-6/test/test_09_unlimited_capacity.c:39
  [PASS] C:/Users/admin/c-exam-wuqiuyu-6/test/test_09_unlimited_capacity.c:39
  [PASS] C:/Users/admin/c-exam-wuqiuyu-6/test/test_09_unlimited_capacity.c:39
  [PASS] C:/Users/admin/c-exam-wuqiuyu-6/test/test_09_unlimited_capacity.c:39
  [PASS] C:/Users/admin/c-exam-wuqiuyu-6/test/test_09_unlimited_capacity.c:39
  [PASS] C:/Users/admin/c-exam-wuqiuyu-6/test/test_09_unlimited_capacity.c:39
  [PASS] C:/Users/admin/c-exam-wuqiuyu-6/test/test_09_unlimited_capacity.c:39
  [PASS] C:/Users/admin/c-exam-wuqiuyu-6/test/test_09_unlimited_capacity.c:39
  [PASS] C:/Users/admin/c-exam-wuqiuyu-6/test/test_09_unlimited_capacity.c:39
  [PASS] C:/Users/admin/c-exam-wuqiuyu-6/test/test_09_unlimited_capacity.c:39
  [PASS] C:/Users/admin/c-exam-wuqiuyu-6/test/test_09_unlimited_capacity.c:39
  [PASS] C:/Users/admin/c-exam-wuqiuyu-6/test/test_09_unlimited_capacity.c:39
  [PASS] C:/Users/admin/c-exam-wuqiuyu-6/test/test_09_unlimited_capacity.c:39
  [PASS] C:/Users/admin/c-exam-wuqiuyu-6/test/test_09_unlimited_capacity.c:39
  [PASS] C:/Users/admin/c-exam-wuqiuyu-6/test/test_09_unlimited_capacity.c:39
  [PASS] C:/Users/admin/c-exam-wuqiuyu-6/test/test_09_unlimited_capacity.c:39
  [PASS] C:/Users/admin/c-exam-wuqiuyu-6/test/test_09_unlimited_capacity.c:39
  [PASS] C:/Users/admin/c-exam-wuqiuyu-6/test/test_09_unlimited_capacity.c:39
  [PASS] C:/Users/admin/c-exam-wuqiuyu-6/test/test_09_unlimited_capacity.c:39
  [PASS] C:/Users/admin/c-exam-wuqiuyu-6/test/test_09_unlimited_capacity.c:39
  [PASS] C:/Users/admin/c-exam-wuqiuyu-6/test/test_09_unlimited_capacity.c:39
  [PASS] C:/Users/admin/c-exam-wuqiuyu-6/test/test_09_unlimited_capacity.c:39
  [PASS] C:/Users/admin/c-exam-wuqiuyu-6/test/test_09_unlimited_capacity.c:39
  [PASS] C:/Users/admin/c-exam-wuqiuyu-6/test/test_09_unlimited_capacity.c:39
  [PASS] C:/Users/admin/c-exam-wuqiuyu-6/test/test_09_unlimited_capacity.c:39
  [PASS] C:/Users/admin/c-exam-wuqiuyu-6/test/test_09_unlimited_capacity.c:39
  [PASS] C:/Users/admin/c-exam-wuqiuyu-6/test/test_09_unlimited_capacity.c:39
  [PASS] C:/Users/admin/c-exam-wuqiuyu-6/test/test_09_unlimited_capacity.c:39
  [PASS] C:/Users/admin/c-exam-wuqiuyu-6/test/test_09_unlimited_capacity.c:39
  [PASS] C:/Users/admin/c-exam-wuqiuyu-6/test/test_09_unlimited_capacity.c:39
  [PASS] C:/Users/admin/c-exam-wuqiuyu-6/test/test_09_unlimited_capacity.c:39
  [PASS] C:/Users/admin/c-exam-wuqiuyu-6/test/test_09_unlimited_capacity.c:39
  [PASS] C:/Users/admin/c-exam-wuqiuyu-6/test/test_09_unlimited_capacity.c:39
  [PASS] C:/Users/admin/c-exam-wuqiuyu-6/test/test_09_unlimited_capacity.c:39
  [PASS] C:/Users/admin/c-exam-wuqiuyu-6/test/test_09_unlimited_capacity.c:39
  [PASS] C:/Users/admin/c-exam-wuqiuyu-6/test/test_09_unlimited_capacity.c:39
  [PASS] C:/Users/admin/c-exam-wuqiuyu-6/test/test_09_unlimited_capacity.c:39
  [PASS] C:/Users/admin/c-exam-wuqiuyu-6/test/test_09_unlimited_capacity.c:39
  [PASS] C:/Users/admin/c-exam-wuqiuyu-6/test/test_09_unlimited_capacity.c:39
  [PASS] C:/Users/admin/c-exam-wuqiuyu-6/test/test_09_unlimited_capacity.c:39
  [PASS] C:/Users/admin/c-exam-wuqiuyu-6/test/test_09_unlimited_capacity.c:39
  [PASS] C:/Users/admin/c-exam-wuqiuyu-6/test/test_09_unlimited_capacity.c:39
  [PASS] C:/Users/admin/c-exam-wuqiuyu-6/test/test_09_unlimited_capacity.c:39
  [PASS] C:/Users/admin/c-exam-wuqiuyu-6/test/test_09_unlimited_capacity.c:39
  [PASS] C:/Users/admin/c-exam-wuqiuyu-6/test/test_09_unlimited_capacity.c:39
  [PASS] C:/Users/admin/c-exam-wuqiuyu-6/test/test_09_unlimited_capacity.c:39
  [PASS] C:/Users/admin/c-exam-wuqiuyu-6/test/test_09_unlimited_capacity.c:39
  [PASS] C:/Users/admin/c-exam-wuqiuyu-6/test/test_09_unlimited_capacity.c:39
  [PASS] C:/Users/admin/c-exam-wuqiuyu-6/test/test_09_unlimited_capacity.c:39
  [PASS] C:/Users/admin/c-exam-wuqiuyu-6/test/test_09_unlimited_capacity.c:39
  [PASS] C:/Users/admin/c-exam-wuqiuyu-6/test/test_09_unlimited_capacity.c:39
  [PASS] C:/Users/admin/c-exam-wuqiuyu-6/test/test_09_unlimited_capacity.c:39
  [PASS] C:/Users/admin/c-exam-wuqiuyu-6/test/test_09_unlimited_capacity.c:39
  [PASS] C:/Users/admin/c-exam-wuqiuyu-6/test/test_09_unlimited_capacity.c:39
  [PASS] C:/Users/admin/c-exam-wuqiuyu-6/test/test_09_unlimited_capacity.c:39
  [PASS] C:/Users/admin/c-exam-wuqiuyu-6/test/test_09_unlimited_capacity.c:39
  [PASS] C:/Users/admin/c-exam-wuqiuyu-6/test/test_09_unlimited_capacity.c:39
  [PASS] C:/Users/admin/c-exam-wuqiuyu-6/test/test_09_unlimited_capacity.c:39
  [PASS] C:/Users/admin/c-exam-wuqiuyu-6/test/test_09_unlimited_capacity.c:39
  [PASS] C:/Users/admin/c-exam-wuqiuyu-6/test/test_09_unlimited_capacity.c:39
  [PASS] C:/Users/admin/c-exam-wuqiuyu-6/test/test_09_unlimited_capacity.c:39
  [PASS] C:/Users/admin/c-exam-wuqiuyu-6/test/test_09_unlimited_capacity.c:39
  [PASS] C:/Users/admin/c-exam-wuqiuyu-6/test/test_09_unlimited_capacity.c:39
  [PASS] C:/Users/admin/c-exam-wuqiuyu-6/test/test_09_unlimited_capacity.c:39
  [PASS] C:/Users/admin/c-exam-wuqiuyu-6/test/test_09_unlimited_capacity.c:39
  [PASS] C:/Users/admin/c-exam-wuqiuyu-6/test/test_09_unlimited_capacity.c:39
  [PASS] C:/Users/admin/c-exam-wuqiuyu-6/test/test_09_unlimited_capacity.c:39
  [PASS] C:/Users/admin/c-exam-wuqiuyu-6/test/test_09_unlimited_capacity.c:39
  [PASS] C:/Users/admin/c-exam-wuqiuyu-6/test/test_09_unlimited_capacity.c:39
  [PASS] C:/Users/admin/c-exam-wuqiuyu-6/test/test_09_unlimited_capacity.c:39
  [PASS] C:/Users/admin/c-exam-wuqiuyu-6/test/test_09_unlimited_capacity.c:39
  [PASS] C:/Users/admin/c-exam-wuqiuyu-6/test/test_09_unlimited_capacity.c:39
  [PASS] C:/Users/admin/c-exam-wuqiuyu-6/test/test_09_unlimited_capacity.c:39
  [PASS] C:/Users/admin/c-exam-wuqiuyu-6/test/test_09_unlimited_capacity.c:39
  [PASS] C:/Users/admin/c-exam-wuqiuyu-6/test/test_09_unlimited_capacity.c:39
  [PASS] C:/Users/admin/c-exam-wuqiuyu-6/test/test_09_unlimited_capacity.c:39
  [PASS] C:/Users/admin/c-exam-wuqiuyu-6/test/test_09_unlimited_capacity.c:39
  [PASS] C:/Users/admin/c-exam-wuqiuyu-6/test/test_09_unlimited_capacity.c:39
  [PASS] C:/Users/admin/c-exam-wuqiuyu-6/test/test_09_unlimited_capacity.c:39
  [PASS] C:/Users/admin/c-exam-wuqiuyu-6/test/test_09_unlimited_capacity.c:39
  [PASS] C:/Users/admin/c-exam-wuqiuyu-6/test/test_09_unlimited_capacity.c:39
  [PASS] C:/Users/admin/c-exam-wuqiuyu-6/test/test_09_unlimited_capacity.c:39
  [PASS] C:/Users/admin/c-exam-wuqiuyu-6/test/test_09_unlimited_capacity.c:39
  [PASS] C:/Users/admin/c-exam-wuqiuyu-6/test/test_09_unlimited_capacity.c:39
  [PASS] C:/Users/admin/c-exam-wuqiuyu-6/test/test_09_unlimited_capacity.c:39
  [PASS] C:/Users/admin/c-exam-wuqiuyu-6/test/test_09_unlimited_capacity.c:39
  [PASS] C:/Users/admin/c-exam-wuqiuyu-6/test/test_09_unlimited_capacity.c:39
  [PASS] C:/Users/admin/c-exam-wuqiuyu-6/test/test_09_unlimited_capacity.c:39
  [PASS] C:/Users/admin/c-exam-wuqiuyu-6/test/test_09_unlimited_capacity.c:39
  [PASS] C:/Users/admin/c-exam-wuqiuyu-6/test/test_09_unlimited_capacity.c:39
  [PASS] C:/Users/admin/c-exam-wuqiuyu-6/test/test_09_unlimited_capacity.c:39
  [PASS] C:/Users/admin/c-exam-wuqiuyu-6/test/test_09_unlimited_capacity.c:39
  [PASS] C:/Users/admin/c-exam-wuqiuyu-6/test/test_09_unlimited_capacity.c:39
  [PASS] C:/Users/admin/c-exam-wuqiuyu-6/test/test_09_unlimited_capacity.c:39
  [PASS] C:/Users/admin/c-exam-wuqiuyu-6/test/test_09_unlimited_capacity.c:39
  [PASS] C:/Users/admin/c-exam-wuqiuyu-6/test/test_09_unlimited_capacity.c:39
  [PASS] C:/Users/admin/c-exam-wuqiuyu-6/test/test_09_unlimited_capacity.c:39
  [PASS] C:/Users/admin/c-exam-wuqiuyu-6/test/test_09_unlimited_capacity.c:39
  [PASS] C:/Users/admin/c-exam-wuqiuyu-6/test/test_09_unlimited_capacity.c:39
  [PASS] C:/Users/admin/c-exam-wuqiuyu-6/test/test_09_unlimited_capacity.c:39
  [PASS] C:/Users/admin/c-exam-wuqiuyu-6/test/test_09_unlimited_capacity.c:39
  [PASS] C:/Users/admin/c-exam-wuqiuyu-6/test/test_09_unlimited_capacity.c:39
  [PASS] C:/Users/admin/c-exam-wuqiuyu-6/test/test_09_unlimited_capacity.c:39
  [PASS] C:/Users/admin/c-exam-wuqiuyu-6/test/test_09_unlimited_capacity.c:39
  [PASS] C:/Users/admin/c-exam-wuqiuyu-6/test/test_09_unlimited_capacity.c:39
  [PASS] C:/Users/admin/c-exam-wuqiuyu-6/test/test_09_unlimited_capacity.c:39
  [PASS] C:/Users/admin/c-exam-wuqiuyu-6/test/test_09_unlimited_capacity.c:39
  [PASS] C:/Users/admin/c-exam-wuqiuyu-6/test/test_09_unlimited_capacity.c:39
  [PASS] C:/Users/admin/c-exam-wuqiuyu-6/test/test_09_unlimited_capacity.c:39
  [PASS] C:/Users/admin/c-exam-wuqiuyu-6/test/test_09_unlimited_capacity.c:39
  [PASS] C:/Users/admin/c-exam-wuqiuyu-6/test/test_09_unlimited_capacity.c:39
  [PASS] C:/Users/admin/c-exam-wuqiuyu-6/test/test_09_unlimited_capacity.c:39
  [PASS] C:/Users/admin/c-exam-wuqiuyu-6/test/test_09_unlimited_capacity.c:39
  [PASS] C:/Users/admin/c-exam-wuqiuyu-6/test/test_09_unlimited_capacity.c:39
  [PASS] C:/Users/admin/c-exam-wuqiuyu-6/test/test_09_unlimited_capacity.c:39
  [PASS] C:/Users/admin/c-exam-wuqiuyu-6/test/test_09_unlimited_capacity.c:39
  [PASS] C:/Users/admin/c-exam-wuqiuyu-6/test/test_09_unlimited_capacity.c:39
  [PASS] C:/Users/admin/c-exam-wuqiuyu-6/test/test_09_unlimited_capacity.c:39
  [PASS] C:/Users/admin/c-exam-wuqiuyu-6/test/test_09_unlimited_capacity.c:39
  [PASS] C:/Users/admin/c-exam-wuqiuyu-6/test/test_09_unlimited_capacity.c:39
  [PASS] C:/Users/admin/c-exam-wuqiuyu-6/test/test_09_unlimited_capacity.c:39
  [PASS] C:/Users/admin/c-exam-wuqiuyu-6/test/test_09_unlimited_capacity.c:39
  [PASS] C:/Users/admin/c-exam-wuqiuyu-6/test/test_09_unlimited_capacity.c:39
  [PASS] C:/Users/admin/c-exam-wuqiuyu-6/test/test_09_unlimited_capacity.c:39
  [PASS] C:/Users/admin/c-exam-wuqiuyu-6/test/test_09_unlimited_capacity.c:39
  [PASS] C:/Users/admin/c-exam-wuqiuyu-6/test/test_09_unlimited_capacity.c:39
  [PASS] C:/Users/admin/c-exam-wuqiuyu-6/test/test_09_unlimited_capacity.c:39
  [PASS] C:/Users/admin/c-exam-wuqiuyu-6/test/test_09_unlimited_capacity.c:39
  [PASS] C:/Users/admin/c-exam-wuqiuyu-6/test/test_09_unlimited_capacity.c:39
  [PASS] C:/Users/admin/c-exam-wuqiuyu-6/test/test_09_unlimited_capacity.c:39
  [PASS] C:/Users/admin/c-exam-wuqiuyu-6/test/test_09_unlimited_capacity.c:39
  [PASS] C:/Users/admin/c-exam-wuqiuyu-6/test/test_09_unlimited_capacity.c:39
  [PASS] C:/Users/admin/c-exam-wuqiuyu-6/test/test_09_unlimited_capacity.c:39
  [PASS] C:/Users/admin/c-exam-wuqiuyu-6/test/test_09_unlimited_capacity.c:39
  [PASS] C:/Users/admin/c-exam-wuqiuyu-6/test/test_09_unlimited_capacity.c:39
  [PASS] C:/Users/admin/c-exam-wuqiuyu-6/test/test_09_unlimited_capacity.c:39
  [PASS] C:/Users/admin/c-exam-wuqiuyu-6/test/test_09_unlimited_capacity.c:39
  [PASS] C:/Users/admin/c-exam-wuqiuyu-6/test/test_09_unlimited_capacity.c:39
  [PASS] C:/Users/admin/c-exam-wuqiuyu-6/test/test_09_unlimited_capacity.c:39
  [PASS] C:/Users/admin/c-exam-wuqiuyu-6/test/test_09_unlimited_capacity.c:39
  [PASS] C:/Users/admin/c-exam-wuqiuyu-6/test/test_09_unlimited_capacity.c:39
  [PASS] C:/Users/admin/c-exam-wuqiuyu-6/test/test_09_unlimited_capacity.c:39
  [PASS] C:/Users/admin/c-exam-wuqiuyu-6/test/test_09_unlimited_capacity.c:39
  [PASS] C:/Users/admin/c-exam-wuqiuyu-6/test/test_09_unlimited_capacity.c:39
  [PASS] C:/Users/admin/c-exam-wuqiuyu-6/test/test_09_unlimited_capacity.c:39
  [PASS] C:/Users/admin/c-exam-wuqiuyu-6/test/test_09_unlimited_capacity.c:39
  [PASS] C:/Users/admin/c-exam-wuqiuyu-6/test/test_09_unlimited_capacity.c:39
  [PASS] C:/Users/admin/c-exam-wuqiuyu-6/test/test_09_unlimited_capacity.c:39
  [PASS] C:/Users/admin/c-exam-wuqiuyu-6/test/test_09_unlimited_capacity.c:39
  [PASS] C:/Users/admin/c-exam-wuqiuyu-6/test/test_09_unlimited_capacity.c:39
  [PASS] C:/Users/admin/c-exam-wuqiuyu-6/test/test_09_unlimited_capacity.c:39
  [PASS] C:/Users/admin/c-exam-wuqiuyu-6/test/test_09_unlimited_capacity.c:39
  [PASS] C:/Users/admin/c-exam-wuqiuyu-6/test/test_09_unlimited_capacity.c:39
  [PASS] C:/Users/admin/c-exam-wuqiuyu-6/test/test_09_unlimited_capacity.c:39
  [PASS] C:/Users/admin/c-exam-wuqiuyu-6/test/test_09_unlimited_capacity.c:39
  [PASS] C:/Users/admin/c-exam-wuqiuyu-6/test/test_09_unlimited_capacity.c:39
  [PASS] C:/Users/admin/c-exam-wuqiuyu-6/test/test_09_unlimited_capacity.c:39
  [PASS] C:/Users/admin/c-exam-wuqiuyu-6/test/test_09_unlimited_capacity.c:39
  [PASS] C:/Users/admin/c-exam-wuqiuyu-6/test/test_09_unlimited_capacity.c:39
  [PASS] C:/Users/admin/c-exam-wuqiuyu-6/test/test_09_unlimited_capacity.c:39
  [PASS] C:/Users/admin/c-exam-wuqiuyu-6/test/test_09_unlimited_capacity.c:39
  [PASS] C:/Users/admin/c-exam-wuqiuyu-6/test/test_09_unlimited_capacity.c:39
  [PASS] C:/Users/admin/c-exam-wuqiuyu-6/test/test_09_unlimited_capacity.c:39
  [PASS] C:/Users/admin/c-exam-wuqiuyu-6/test/test_09_unlimited_capacity.c:39
  [PASS] C:/Users/admin/c-exam-wuqiuyu-6/test/test_09_unlimited_capacity.c:39
  [PASS] C:/Users/admin/c-exam-wuqiuyu-6/test/test_09_unlimited_capacity.c:39
  [PASS] C:/Users/admin/c-exam-wuqiuyu-6/test/test_09_unlimited_capacity.c:39
  [PASS] C:/Users/admin/c-exam-wuqiuyu-6/test/test_09_unlimited_capacity.c:39
  [PASS] C:/Users/admin/c-exam-wuqiuyu-6/test/test_09_unlimited_capacity.c:39
  [PASS] C:/Users/admin/c-exam-wuqiuyu-6/test/test_09_unlimited_capacity.c:39
  [PASS] C:/Users/admin/c-exam-wuqiuyu-6/test/test_09_unlimited_capacity.c:39
  [PASS] C:/Users/admin/c-exam-wuqiuyu-6/test/test_09_unlimited_capacity.c:39
  [PASS] C:/Users/admin/c-exam-wuqiuyu-6/test/test_09_unlimited_capacity.c:39
  [PASS] C:/Users/admin/c-exam-wuqiuyu-6/test/test_09_unlimited_capacity.c:39
  [PASS] C:/Users/admin/c-exam-wuqiuyu-6/test/test_09_unlimited_capacity.c:39
  [PASS] C:/Users/admin/c-exam-wuqiuyu-6/test/test_09_unlimited_capacity.c:39
  [PASS] C:/Users/admin/c-exam-wuqiuyu-6/test/test_09_unlimited_capacity.c:39
  [PASS] C:/Users/admin/c-exam-wuqiuyu-6/test/test_09_unlimited_capacity.c:39
  [PASS] C:/Users/admin/c-exam-wuqiuyu-6/test/test_09_unlimited_capacity.c:39
  [PASS] C:/Users/admin/c-exam-wuqiuyu-6/test/test_09_unlimited_capacity.c:39
  [PASS] C:/Users/admin/c-exam-wuqiuyu-6/test/test_09_unlimited_capacity.c:39
  [PASS] C:/Users/admin/c-exam-wuqiuyu-6/test/test_09_unlimited_capacity.c:39
  [PASS] C:/Users/admin/c-exam-wuqiuyu-6/test/test_09_unlimited_capacity.c:39
  [PASS] C:/Users/admin/c-exam-wuqiuyu-6/test/test_09_unlimited_capacity.c:39
  [PASS] C:/Users/admin/c-exam-wuqiuyu-6/test/test_09_unlimited_capacity.c:39
  [PASS] C:/Users/admin/c-exam-wuqiuyu-6/test/test_09_unlimited_capacity.c:39
  [PASS] C:/Users/admin/c-exam-wuqiuyu-6/test/test_09_unlimited_capacity.c:39
  [PASS] C:/Users/admin/c-exam-wuqiuyu-6/test/test_09_unlimited_capacity.c:39
  [PASS] C:/Users/admin/c-exam-wuqiuyu-6/test/test_09_unlimited_capacity.c:39
  [PASS] C:/Users/admin/c-exam-wuqiuyu-6/test/test_09_unlimited_capacity.c:39
  [PASS] C:/Users/admin/c-exam-wuqiuyu-6/test/test_09_unlimited_capacity.c:39
  [PASS] C:/Users/admin/c-exam-wuqiuyu-6/test/test_09_unlimited_capacity.c:39
  [PASS] C:/Users/admin/c-exam-wuqiuyu-6/test/test_09_unlimited_capacity.c:39
  [PASS] C:/Users/admin/c-exam-wuqiuyu-6/test/test_09_unlimited_capacity.c:39
  [PASS] C:/Users/admin/c-exam-wuqiuyu-6/test/test_09_unlimited_capacity.c:39
  [PASS] C:/Users/admin/c-exam-wuqiuyu-6/test/test_09_unlimited_capacity.c:39
  [PASS] C:/Users/admin/c-exam-wuqiuyu-6/test/test_09_unlimited_capacity.c:39
  [PASS] C:/Users/admin/c-exam-wuqiuyu-6/test/test_09_unlimited_capacity.c:39
  [PASS] C:/Users/admin/c-exam-wuqiuyu-6/test/test_09_unlimited_capacity.c:39
  [PASS] C:/Users/admin/c-exam-wuqiuyu-6/test/test_09_unlimited_capacity.c:39
  [PASS] C:/Users/admin/c-exam-wuqiuyu-6/test/test_09_unlimited_capacity.c:39
  [PASS] C:/Users/admin/c-exam-wuqiuyu-6/test/test_09_unlimited_capacity.c:39
  [PASS] C:/Users/admin/c-exam-wuqiuyu-6/test/test_09_unlimited_capacity.c:39
  [PASS] C:/Users/admin/c-exam-wuqiuyu-6/test/test_09_unlimited_capacity.c:39
  [PASS] C:/Users/admin/c-exam-wuqiuyu-6/test/test_09_unlimited_capacity.c:39
  [PASS] C:/Users/admin/c-exam-wuqiuyu-6/test/test_09_unlimited_capacity.c:39
  [PASS] C:/Users/admin/c-exam-wuqiuyu-6/test/test_09_unlimited_capacity.c:39
  [PASS] C:/Users/admin/c-exam-wuqiuyu-6/test/test_09_unlimited_capacity.c:39
  [PASS] C:/Users/admin/c-exam-wuqiuyu-6/test/test_09_unlimited_capacity.c:39
  [PASS] C:/Users/admin/c-exam-wuqiuyu-6/test/test_09_unlimited_capacity.c:39
  [PASS] C:/Users/admin/c-exam-wuqiuyu-6/test/test_09_unlimited_capacity.c:39
  [PASS] C:/Users/admin/c-exam-wuqiuyu-6/test/test_09_unlimited_capacity.c:39
  [PASS] C:/Users/admin/c-exam-wuqiuyu-6/test/test_09_unlimited_capacity.c:39
  [PASS] C:/Users/admin/c-exam-wuqiuyu-6/test/test_09_unlimited_capacity.c:39
  [PASS] C:/Users/admin/c-exam-wuqiuyu-6/test/test_09_unlimited_capacity.c:39
  [PASS] C:/Users/admin/c-exam-wuqiuyu-6/test/test_09_unlimited_capacity.c:39
  [PASS] C:/Users/admin/c-exam-wuqiuyu-6/test/test_09_unlimited_capacity.c:39
  [PASS] C:/Users/admin/c-exam-wuqiuyu-6/test/test_09_unlimited_capacity.c:39
  [PASS] C:/Users/admin/c-exam-wuqiuyu-6/test/test_09_unlimited_capacity.c:39
  [PASS] C:/Users/admin/c-exam-wuqiuyu-6/test/test_09_unlimited_capacity.c:39
  [PASS] C:/Users/admin/c-exam-wuqiuyu-6/test/test_09_unlimited_capacity.c:39
  [PASS] C:/Users/admin/c-exam-wuqiuyu-6/test/test_09_unlimited_capacity.c:39
  [PASS] C:/Users/admin/c-exam-wuqiuyu-6/test/test_09_unlimited_capacity.c:39
  [PASS] C:/Users/admin/c-exam-wuqiuyu-6/test/test_09_unlimited_capacity.c:39
  [PASS] C:/Users/admin/c-exam-wuqiuyu-6/test/test_09_unlimited_capacity.c:39
  [PASS] C:/Users/admin/c-exam-wuqiuyu-6/test/test_09_unlimited_capacity.c:39
  [PASS] C:/Users/admin/c-exam-wuqiuyu-6/test/test_09_unlimited_capacity.c:39
  [PASS] C:/Users/admin/c-exam-wuqiuyu-6/test/test_09_unlimited_capacity.c:39
  [PASS] C:/Users/admin/c-exam-wuqiuyu-6/test/test_09_unlimited_capacity.c:39
  [PASS] C:/Users/admin/c-exam-wuqiuyu-6/test/test_09_unlimited_capacity.c:39
  [PASS] C:/Users/admin/c-exam-wuqiuyu-6/test/test_09_unlimited_capacity.c:39
  [PASS] C:/Users/admin/c-exam-wuqiuyu-6/test/test_09_unlimited_capacity.c:39
  [PASS] C:/Users/admin/c-exam-wuqiuyu-6/test/test_09_unlimited_capacity.c:39
  [PASS] C:/Users/admin/c-exam-wuqiuyu-6/test/test_09_unlimited_capacity.c:39
  [PASS] C:/Users/admin/c-exam-wuqiuyu-6/test/test_09_unlimited_capacity.c:39
  [PASS] C:/Users/admin/c-exam-wuqiuyu-6/test/test_09_unlimited_capacity.c:39
  [PASS] C:/Users/admin/c-exam-wuqiuyu-6/test/test_09_unlimited_capacity.c:39
  [PASS] C:/Users/admin/c-exam-wuqiuyu-6/test/test_09_unlimited_capacity.c:39
  [PASS] C:/Users/admin/c-exam-wuqiuyu-6/test/test_09_unlimited_capacity.c:39
  [PASS] C:/Users/admin/c-exam-wuqiuyu-6/test/test_09_unlimited_capacity.c:39
  [PASS] C:/Users/admin/c-exam-wuqiuyu-6/test/test_09_unlimited_capacity.c:39
  [PASS] C:/Users/admin/c-exam-wuqiuyu-6/test/test_09_unlimited_capacity.c:39
  [PASS] C:/Users/admin/c-exam-wuqiuyu-6/test/test_09_unlimited_capacity.c:39
  [PASS] C:/Users/admin/c-exam-wuqiuyu-6/test/test_09_unlimited_capacity.c:39
  [PASS] C:/Users/admin/c-exam-wuqiuyu-6/test/test_09_unlimited_capacity.c:39
  [PASS] C:/Users/admin/c-exam-wuqiuyu-6/test/test_09_unlimited_capacity.c:39
  [PASS] C:/Users/admin/c-exam-wuqiuyu-6/test/test_09_unlimited_capacity.c:39
  [PASS] C:/Users/admin/c-exam-wuqiuyu-6/test/test_09_unlimited_capacity.c:39
  [PASS] C:/Users/admin/c-exam-wuqiuyu-6/test/test_09_unlimited_capacity.c:39
  [PASS] C:/Users/admin/c-exam-wuqiuyu-6/test/test_09_unlimited_capacity.c:39
  [PASS] C:/Users/admin/c-exam-wuqiuyu-6/test/test_09_unlimited_capacity.c:39
  [PASS] C:/Users/admin/c-exam-wuqiuyu-6/test/test_09_unlimited_capacity.c:39
  [PASS] C:/Users/admin/c-exam-wuqiuyu-6/test/test_09_unlimited_capacity.c:39
  [PASS] C:/Users/admin/c-exam-wuqiuyu-6/test/test_09_unlimited_capacity.c:39
  [PASS] C:/Users/admin/c-exam-wuqiuyu-6/test/test_09_unlimited_capacity.c:39
  [PASS] C:/Users/admin/c-exam-wuqiuyu-6/test/test_09_unlimited_capacity.c:39
  [PASS] C:/Users/admin/c-exam-wuqiuyu-6/test/test_09_unlimited_capacity.c:39
  [PASS] C:/Users/admin/c-exam-wuqiuyu-6/test/test_09_unlimited_capacity.c:39
  [PASS] C:/Users/admin/c-exam-wuqiuyu-6/test/test_09_unlimited_capacity.c:39
  [PASS] C:/Users/admin/c-exam-wuqiuyu-6/test/test_09_unlimited_capacity.c:39
  [PASS] C:/Users/admin/c-exam-wuqiuyu-6/test/test_09_unlimited_capacity.c:39
  [PASS] C:/Users/admin/c-exam-wuqiuyu-6/test/test_09_unlimited_capacity.c:39
  [PASS] C:/Users/admin/c-exam-wuqiuyu-6/test/test_09_unlimited_capacity.c:39
  [PASS] C:/Users/admin/c-exam-wuqiuyu-6/test/test_09_unlimited_capacity.c:39
  [PASS] C:/Users/admin/c-exam-wuqiuyu-6/test/test_09_unlimited_capacity.c:39
  [PASS] C:/Users/admin/c-exam-wuqiuyu-6/test/test_09_unlimited_capacity.c:39
  [PASS] C:/Users/admin/c-exam-wuqiuyu-6/test/test_09_unlimited_capacity.c:39
  [PASS] C:/Users/admin/c-exam-wuqiuyu-6/test/test_09_unlimited_capacity.c:39
  [PASS] C:/Users/admin/c-exam-wuqiuyu-6/test/test_09_unlimited_capacity.c:39
  [PASS] C:/Users/admin/c-exam-wuqiuyu-6/test/test_09_unlimited_capacity.c:39
  [PASS] C:/Users/admin/c-exam-wuqiuyu-6/test/test_09_unlimited_capacity.c:39
  [PASS] C:/Users/admin/c-exam-wuqiuyu-6/test/test_09_unlimited_capacity.c:39
  [PASS] C:/Users/admin/c-exam-wuqiuyu-6/test/test_09_unlimited_capacity.c:39
  [PASS] C:/Users/admin/c-exam-wuqiuyu-6/test/test_09_unlimited_capacity.c:39
  [PASS] C:/Users/admin/c-exam-wuqiuyu-6/test/test_09_unlimited_capacity.c:39
  [PASS] C:/Users/admin/c-exam-wuqiuyu-6/test/test_09_unlimited_capacity.c:39
  [PASS] C:/Users/admin/c-exam-wuqiuyu-6/test/test_09_unlimited_capacity.c:39
  [PASS] C:/Users/admin/c-exam-wuqiuyu-6/test/test_09_unlimited_capacity.c:39
  [PASS] C:/Users/admin/c-exam-wuqiuyu-6/test/test_09_unlimited_capacity.c:39
  [PASS] C:/Users/admin/c-exam-wuqiuyu-6/test/test_09_unlimited_capacity.c:39
  [PASS] C:/Users/admin/c-exam-wuqiuyu-6/test/test_09_unlimited_capacity.c:39
  [PASS] C:/Users/admin/c-exam-wuqiuyu-6/test/test_09_unlimited_capacity.c:39
  [PASS] C:/Users/admin/c-exam-wuqiuyu-6/test/test_09_unlimited_capacity.c:39
  [PASS] C:/Users/admin/c-exam-wuqiuyu-6/test/test_09_unlimited_capacity.c:39
  [PASS] C:/Users/admin/c-exam-wuqiuyu-6/test/test_09_unlimited_capacity.c:39
  [PASS] C:/Users/admin/c-exam-wuqiuyu-6/test/test_09_unlimited_capacity.c:39
  [PASS] C:/Users/admin/c-exam-wuqiuyu-6/test/test_09_unlimited_capacity.c:39
  [PASS] C:/Users/admin/c-exam-wuqiuyu-6/test/test_09_unlimited_capacity.c:39
  [PASS] C:/Users/admin/c-exam-wuqiuyu-6/test/test_09_unlimited_capacity.c:39
  [PASS] C:/Users/admin/c-exam-wuqiuyu-6/test/test_09_unlimited_capacity.c:39
  [PASS] C:/Users/admin/c-exam-wuqiuyu-6/test/test_09_unlimited_capacity.c:39
  [PASS] C:/Users/admin/c-exam-wuqiuyu-6/test/test_09_unlimited_capacity.c:39
  [PASS] C:/Users/admin/c-exam-wuqiuyu-6/test/test_09_unlimited_capacity.c:39
  [PASS] C:/Users/admin/c-exam-wuqiuyu-6/test/test_09_unlimited_capacity.c:39
  [PASS] C:/Users/admin/c-exam-wuqiuyu-6/test/test_09_unlimited_capacity.c:39
  [PASS] C:/Users/admin/c-exam-wuqiuyu-6/test/test_09_unlimited_capacity.c:39
  [PASS] C:/Users/admin/c-exam-wuqiuyu-6/test/test_09_unlimited_capacity.c:39
  [PASS] C:/Users/admin/c-exam-wuqiuyu-6/test/test_09_unlimited_capacity.c:39
  [PASS] C:/Users/admin/c-exam-wuqiuyu-6/test/test_09_unlimited_capacity.c:39
  [PASS] C:/Users/admin/c-exam-wuqiuyu-6/test/test_09_unlimited_capacity.c:39
  [PASS] C:/Users/admin/c-exam-wuqiuyu-6/test/test_09_unlimited_capacity.c:39
  [PASS] C:/Users/admin/c-exam-wuqiuyu-6/test/test_09_unlimited_capacity.c:39
  [PASS] C:/Users/admin/c-exam-wuqiuyu-6/test/test_09_unlimited_capacity.c:39
  [PASS] C:/Users/admin/c-exam-wuqiuyu-6/test/test_09_unlimited_capacity.c:39
  [PASS] C:/Users/admin/c-exam-wuqiuyu-6/test/test_09_unlimited_capacity.c:39
  [PASS] C:/Users/admin/c-exam-wuqiuyu-6/test/test_09_unlimited_capacity.c:39
  [PASS] C:/Users/admin/c-exam-wuqiuyu-6/test/test_09_unlimited_capacity.c:39
  [PASS] C:/Users/admin/c-exam-wuqiuyu-6/test/test_09_unlimited_capacity.c:39
  [PASS] C:/Users/admin/c-exam-wuqiuyu-6/test/test_09_unlimited_capacity.c:39
  [PASS] C:/Users/admin/c-exam-wuqiuyu-6/test/test_09_unlimited_capacity.c:39
  [PASS] C:/Users/admin/c-exam-wuqiuyu-6/test/test_09_unlimited_capacity.c:39
  [PASS] C:/Users/admin/c-exam-wuqiuyu-6/test/test_09_unlimited_capacity.c:39
  [PASS] C:/Users/admin/c-exam-wuqiuyu-6/test/test_09_unlimited_capacity.c:39
  [PASS] C:/Users/admin/c-exam-wuqiuyu-6/test/test_09_unlimited_capacity.c:39
  [PASS] C:/Users/admin/c-exam-wuqiuyu-6/test/test_09_unlimited_capacity.c:39
  [PASS] C:/Users/admin/c-exam-wuqiuyu-6/test/test_09_unlimited_capacity.c:39
  [PASS] C:/Users/admin/c-exam-wuqiuyu-6/test/test_09_unlimited_capacity.c:39
  [PASS] C:/Users/admin/c-exam-wuqiuyu-6/test/test_09_unlimited_capacity.c:39
  [PASS] C:/Users/admin/c-exam-wuqiuyu-6/test/test_09_unlimited_capacity.c:39
  [PASS] C:/Users/admin/c-exam-wuqiuyu-6/test/test_09_unlimited_capacity.c:39
  [PASS] C:/Users/admin/c-exam-wuqiuyu-6/test/test_09_unlimited_capacity.c:39
  [PASS] C:/Users/admin/c-exam-wuqiuyu-6/test/test_09_unlimited_capacity.c:39
  [PASS] C:/Users/admin/c-exam-wuqiuyu-6/test/test_09_unlimited_capacity.c:39
  [PASS] C:/Users/admin/c-exam-wuqiuyu-6/test/test_09_unlimited_capacity.c:39
  [PASS] C:/Users/admin/c-exam-wuqiuyu-6/test/test_09_unlimited_capacity.c:39
  [PASS] C:/Users/admin/c-exam-wuqiuyu-6/test/test_09_unlimited_capacity.c:39
  [PASS] C:/Users/admin/c-exam-wuqiuyu-6/test/test_09_unlimited_capacity.c:39
  [PASS] C:/Users/admin/c-exam-wuqiuyu-6/test/test_09_unlimited_capacity.c:39
  [PASS] C:/Users/admin/c-exam-wuqiuyu-6/test/test_09_unlimited_capacity.c:39
  [PASS] C:/Users/admin/c-exam-wuqiuyu-6/test/test_09_unlimited_capacity.c:39
  [PASS] C:/Users/admin/c-exam-wuqiuyu-6/test/test_09_unlimited_capacity.c:39
  [PASS] C:/Users/admin/c-exam-wuqiuyu-6/test/test_09_unlimited_capacity.c:39
  [PASS] C:/Users/admin/c-exam-wuqiuyu-6/test/test_09_unlimited_capacity.c:39
  [PASS] C:/Users/admin/c-exam-wuqiuyu-6/test/test_09_unlimited_capacity.c:39
  [PASS] C:/Users/admin/c-exam-wuqiuyu-6/test/test_09_unlimited_capacity.c:39
  [PASS] C:/Users/admin/c-exam-wuqiuyu-6/test/test_09_unlimited_capacity.c:39
  [PASS] C:/Users/admin/c-exam-wuqiuyu-6/test/test_09_unlimited_capacity.c:39
  [PASS] C:/Users/admin/c-exam-wuqiuyu-6/test/test_09_unlimited_capacity.c:39
  [PASS] C:/Users/admin/c-exam-wuqiuyu-6/test/test_09_unlimited_capacity.c:39
  [PASS] C:/Users/admin/c-exam-wuqiuyu-6/test/test_09_unlimited_capacity.c:39
  [PASS] C:/Users/admin/c-exam-wuqiuyu-6/test/test_09_unlimited_capacity.c:39
  [PASS] C:/Users/admin/c-exam-wuqiuyu-6/test/test_09_unlimited_capacity.c:39
  [PASS] C:/Users/admin/c-exam-wuqiuyu-6/test/test_09_unlimited_capacity.c:39
  [PASS] C:/Users/admin/c-exam-wuqiuyu-6/test/test_09_unlimited_capacity.c:39
  [PASS] C:/Users/admin/c-exam-wuqiuyu-6/test/test_09_unlimited_capacity.c:39
  [PASS] C:/Users/admin/c-exam-wuqiuyu-6/test/test_09_unlimited_capacity.c:39
  [PASS] C:/Users/admin/c-exam-wuqiuyu-6/test/test_09_unlimited_capacity.c:39
  [PASS] C:/Users/admin/c-exam-wuqiuyu-6/test/test_09_unlimited_capacity.c:39
  [PASS] C:/Users/admin/c-exam-wuqiuyu-6/test/test_09_unlimited_capacity.c:39
  [PASS] C:/Users/admin/c-exam-wuqiuyu-6/test/test_09_unlimited_capacity.c:39
  [PASS] C:/Users/admin/c-exam-wuqiuyu-6/test/test_09_unlimited_capacity.c:39
  [PASS] C:/Users/admin/c-exam-wuqiuyu-6/test/test_09_unlimited_capacity.c:39
  [PASS] C:/Users/admin/c-exam-wuqiuyu-6/test/test_09_unlimited_capacity.c:39
  [PASS] C:/Users/admin/c-exam-wuqiuyu-6/test/test_09_unlimited_capacity.c:39
  [PASS] C:/Users/admin/c-exam-wuqiuyu-6/test/test_09_unlimited_capacity.c:39
  [PASS] C:/Users/admin/c-exam-wuqiuyu-6/test/test_09_unlimited_capacity.c:39
  [PASS] C:/Users/admin/c-exam-wuqiuyu-6/test/test_09_unlimited_capacity.c:39
  [PASS] C:/Users/admin/c-exam-wuqiuyu-6/test/test_09_unlimited_capacity.c:39
  [PASS] C:/Users/admin/c-exam-wuqiuyu-6/test/test_09_unlimited_capacity.c:39
  [PASS] C:/Users/admin/c-exam-wuqiuyu-6/test/test_09_unlimited_capacity.c:39
  [PASS] C:/Users/admin/c-exam-wuqiuyu-6/test/test_09_unlimited_capacity.c:39
  [PASS] C:/Users/admin/c-exam-wuqiuyu-6/test/test_09_unlimited_capacity.c:39
  [PASS] C:/Users/admin/c-exam-wuqiuyu-6/test/test_09_unlimited_capacity.c:39
  [PASS] C:/Users/admin/c-exam-wuqiuyu-6/test/test_09_unlimited_capacity.c:39
  [PASS] C:/Users/admin/c-exam-wuqiuyu-6/test/test_09_unlimited_capacity.c:39
  [PASS] C:/Users/admin/c-exam-wuqiuyu-6/test/test_09_unlimited_capacity.c:39
  [PASS] C:/Users/admin/c-exam-wuqiuyu-6/test/test_09_unlimited_capacity.c:39
  [PASS] C:/Users/admin/c-exam-wuqiuyu-6/test/test_09_unlimited_capacity.c:39
  [PASS] C:/Users/admin/c-exam-wuqiuyu-6/test/test_09_unlimited_capacity.c:39
  [PASS] C:/Users/admin/c-exam-wuqiuyu-6/test/test_09_unlimited_capacity.c:39
  [PASS] C:/Users/admin/c-exam-wuqiuyu-6/test/test_09_unlimited_capacity.c:39
  [PASS] C:/Users/admin/c-exam-wuqiuyu-6/test/test_09_unlimited_capacity.c:39
  [PASS] C:/Users/admin/c-exam-wuqiuyu-6/test/test_09_unlimited_capacity.c:39
  [PASS] C:/Users/admin/c-exam-wuqiuyu-6/test/test_09_unlimited_capacity.c:39
  [PASS] C:/Users/admin/c-exam-wuqiuyu-6/test/test_09_unlimited_capacity.c:39
  [PASS] C:/Users/admin/c-exam-wuqiuyu-6/test/test_09_unlimited_capacity.c:39
  [PASS] C:/Users/admin/c-exam-wuqiuyu-6/test/test_09_unlimited_capacity.c:39
  [PASS] C:/Users/admin/c-exam-wuqiuyu-6/test/test_09_unlimited_capacity.c:39
  [PASS] C:/Users/admin/c-exam-wuqiuyu-6/test/test_09_unlimited_capacity.c:39
  [PASS] C:/Users/admin/c-exam-wuqiuyu-6/test/test_09_unlimited_capacity.c:39
  [PASS] C:/Users/admin/c-exam-wuqiuyu-6/test/test_09_unlimited_capacity.c:39
  [PASS] C:/Users/admin/c-exam-wuqiuyu-6/test/test_09_unlimited_capacity.c:39
  [PASS] C:/Users/admin/c-exam-wuqiuyu-6/test/test_09_unlimited_capacity.c:39
  [PASS] C:/Users/admin/c-exam-wuqiuyu-6/test/test_09_unlimited_capacity.c:39
  [PASS] C:/Users/admin/c-exam-wuqiuyu-6/test/test_09_unlimited_capacity.c:39
  [PASS] C:/Users/admin/c-exam-wuqiuyu-6/test/test_09_unlimited_capacity.c:39
  [PASS] C:/Users/admin/c-exam-wuqiuyu-6/test/test_09_unlimited_capacity.c:39
  [PASS] C:/Users/admin/c-exam-wuqiuyu-6/test/test_09_unlimited_capacity.c:39
  [PASS] C:/Users/admin/c-exam-wuqiuyu-6/test/test_09_unlimited_capacity.c:39
  [PASS] C:/Users/admin/c-exam-wuqiuyu-6/test/test_09_unlimited_capacity.c:39
  [PASS] C:/Users/admin/c-exam-wuqiuyu-6/test/test_09_unlimited_capacity.c:39
  [PASS] C:/Users/admin/c-exam-wuqiuyu-6/test/test_09_unlimited_capacity.c:39
  [PASS] C:/Users/admin/c-exam-wuqiuyu-6/test/test_09_unlimited_capacity.c:39
  [PASS] C:/Users/admin/c-exam-wuqiuyu-6/test/test_09_unlimited_capacity.c:39
  [PASS] C:/Users/admin/c-exam-wuqiuyu-6/test/test_09_unlimited_capacity.c:39
  [PASS] C:/Users/admin/c-exam-wuqiuyu-6/test/test_09_unlimited_capacity.c:39
  [PASS] C:/Users/admin/c-exam-wuqiuyu-6/test/test_09_unlimited_capacity.c:39
  [PASS] C:/Users/admin/c-exam-wuqiuyu-6/test/test_09_unlimited_capacity.c:39
  [PASS] C:/Users/admin/c-exam-wuqiuyu-6/test/test_09_unlimited_capacity.c:39
  [PASS] C:/Users/admin/c-exam-wuqiuyu-6/test/test_09_unlimited_capacity.c:39
  [PASS] C:/Users/admin/c-exam-wuqiuyu-6/test/test_09_unlimited_capacity.c:39
  [PASS] C:/Users/admin/c-exam-wuqiuyu-6/test/test_09_unlimited_capacity.c:39
  [PASS] C:/Users/admin/c-exam-wuqiuyu-6/test/test_09_unlimited_capacity.c:39
  [PASS] C:/Users/admin/c-exam-wuqiuyu-6/test/test_09_unlimited_capacity.c:39
  [PASS] C:/Users/admin/c-exam-wuqiuyu-6/test/test_09_unlimited_capacity.c:39
  [PASS] C:/Users/admin/c-exam-wuqiuyu-6/test/test_09_unlimited_capacity.c:39
  [PASS] C:/Users/admin/c-exam-wuqiuyu-6/test/test_09_unlimited_capacity.c:39
  [PASS] C:/Users/admin/c-exam-wuqiuyu-6/test/test_09_unlimited_capacity.c:39
  [PASS] C:/Users/admin/c-exam-wuqiuyu-6/test/test_09_unlimited_capacity.c:39
  [PASS] C:/Users/admin/c-exam-wuqiuyu-6/test/test_09_unlimited_capacity.c:39
  [PASS] C:/Users/admin/c-exam-wuqiuyu-6/test/test_09_unlimited_capacity.c:39
  [PASS] C:/Users/admin/c-exam-wuqiuyu-6/test/test_09_unlimited_capacity.c:39
  [PASS] C:/Users/admin/c-exam-wuqiuyu-6/test/test_09_unlimited_capacity.c:39
  [PASS] C:/Users/admin/c-exam-wuqiuyu-6/test/test_09_unlimited_capacity.c:39
  [PASS] C:/Users/admin/c-exam-wuqiuyu-6/test/test_09_unlimited_capacity.c:39
  [PASS] C:/Users/admin/c-exam-wuqiuyu-6/test/test_09_unlimited_capacity.c:39
  [PASS] C:/Users/admin/c-exam-wuqiuyu-6/test/test_09_unlimited_capacity.c:39
  [PASS] C:/Users/admin/c-exam-wuqiuyu-6/test/test_09_unlimited_capacity.c:39
  [PASS] C:/Users/admin/c-exam-wuqiuyu-6/test/test_09_unlimited_capacity.c:39
  [PASS] C:/Users/admin/c-exam-wuqiuyu-6/test/test_09_unlimited_capacity.c:39
  [PASS] C:/Users/admin/c-exam-wuqiuyu-6/test/test_09_unlimited_capacity.c:39
  [PASS] C:/Users/admin/c-exam-wuqiuyu-6/test/test_09_unlimited_capacity.c:39
  [PASS] C:/Users/admin/c-exam-wuqiuyu-6/test/test_09_unlimited_capacity.c:39
  [PASS] C:/Users/admin/c-exam-wuqiuyu-6/test/test_09_unlimited_capacity.c:39
  [PASS] C:/Users/admin/c-exam-wuqiuyu-6/test/test_09_unlimited_capacity.c:39
  [PASS] C:/Users/admin/c-exam-wuqiuyu-6/test/test_09_unlimited_capacity.c:39
  [PASS] C:/Users/admin/c-exam-wuqiuyu-6/test/test_09_unlimited_capacity.c:39
  [PASS] C:/Users/admin/c-exam-wuqiuyu-6/test/test_09_unlimited_capacity.c:39
  [PASS] C:/Users/admin/c-exam-wuqiuyu-6/test/test_09_unlimited_capacity.c:39
  [PASS] C:/Users/admin/c-exam-wuqiuyu-6/test/test_09_unlimited_capacity.c:39
  [PASS] C:/Users/admin/c-exam-wuqiuyu-6/test/test_09_unlimited_capacity.c:39
  [PASS] C:/Users/admin/c-exam-wuqiuyu-6/test/test_09_unlimited_capacity.c:39
  [PASS] C:/Users/admin/c-exam-wuqiuyu-6/test/test_09_unlimited_capacity.c:39
  [PASS] C:/Users/admin/c-exam-wuqiuyu-6/test/test_09_unlimited_capacity.c:39
  [PASS] C:/Users/admin/c-exam-wuqiuyu-6/test/test_09_unlimited_capacity.c:39
  [PASS] C:/Users/admin/c-exam-wuqiuyu-6/test/test_09_unlimited_capacity.c:39
  [PASS] C:/Users/admin/c-exam-wuqiuyu-6/test/test_09_unlimited_capacity.c:39
  [PASS] C:/Users/admin/c-exam-wuqiuyu-6/test/test_09_unlimited_capacity.c:39
  [PASS] C:/Users/admin/c-exam-wuqiuyu-6/test/test_09_unlimited_capacity.c:39
  [PASS] C:/Users/admin/c-exam-wuqiuyu-6/test/test_09_unlimited_capacity.c:39
  [PASS] C:/Users/admin/c-exam-wuqiuyu-6/test/test_09_unlimited_capacity.c:39
  [PASS] C:/Users/admin/c-exam-wuqiuyu-6/test/test_09_unlimited_capacity.c:39
  [PASS] C:/Users/admin/c-exam-wuqiuyu-6/test/test_09_unlimited_capacity.c:39
  [PASS] C:/Users/admin/c-exam-wuqiuyu-6/test/test_09_unlimited_capacity.c:39
  [PASS] C:/Users/admin/c-exam-wuqiuyu-6/test/test_09_unlimited_capacity.c:39
  [PASS] C:/Users/admin/c-exam-wuqiuyu-6/test/test_09_unlimited_capacity.c:39
  [PASS] C:/Users/admin/c-exam-wuqiuyu-6/test/test_09_unlimited_capacity.c:39
  [PASS] C:/Users/admin/c-exam-wuqiuyu-6/test/test_09_unlimited_capacity.c:39
  [PASS] C:/Users/admin/c-exam-wuqiuyu-6/test/test_09_unlimited_capacity.c:39
  [PASS] C:/Users/admin/c-exam-wuqiuyu-6/test/test_09_unlimited_capacity.c:39
  [PASS] C:/Users/admin/c-exam-wuqiuyu-6/test/test_09_unlimited_capacity.c:39
  [PASS] C:/Users/admin/c-exam-wuqiuyu-6/test/test_09_unlimited_capacity.c:39
  [PASS] C:/Users/admin/c-exam-wuqiuyu-6/test/test_09_unlimited_capacity.c:39
  [PASS] C:/Users/admin/c-exam-wuqiuyu-6/test/test_09_unlimited_capacity.c:39
  [PASS] C:/Users/admin/c-exam-wuqiuyu-6/test/test_09_unlimited_capacity.c:39
  [PASS] C:/Users/admin/c-exam-wuqiuyu-6/test/test_09_unlimited_capacity.c:39
  [PASS] C:/Users/admin/c-exam-wuqiuyu-6/test/test_09_unlimited_capacity.c:39
  [PASS] C:/Users/admin/c-exam-wuqiuyu-6/test/test_09_unlimited_capacity.c:39
  [PASS] C:/Users/admin/c-exam-wuqiuyu-6/test/test_09_unlimited_capacity.c:39
  [PASS] C:/Users/admin/c-exam-wuqiuyu-6/test/test_09_unlimited_capacity.c:39
  [PASS] C:/Users/admin/c-exam-wuqiuyu-6/test/test_09_unlimited_capacity.c:39
  [PASS] C:/Users/admin/c-exam-wuqiuyu-6/test/test_09_unlimited_capacity.c:39
  [PASS] C:/Users/admin/c-exam-wuqiuyu-6/test/test_09_unlimited_capacity.c:39
  [PASS] C:/Users/admin/c-exam-wuqiuyu-6/test/test_09_unlimited_capacity.c:39
  [PASS] C:/Users/admin/c-exam-wuqiuyu-6/test/test_09_unlimited_capacity.c:39
  [PASS] C:/Users/admin/c-exam-wuqiuyu-6/test/test_09_unlimited_capacity.c:39
  [PASS] C:/Users/admin/c-exam-wuqiuyu-6/test/test_09_unlimited_capacity.c:39
  [PASS] C:/Users/admin/c-exam-wuqiuyu-6/test/test_09_unlimited_capacity.c:39
  [PASS] C:/Users/admin/c-exam-wuqiuyu-6/test/test_09_unlimited_capacity.c:39
  [PASS] C:/Users/admin/c-exam-wuqiuyu-6/test/test_09_unlimited_capacity.c:39
  [PASS] C:/Users/admin/c-exam-wuqiuyu-6/test/test_09_unlimited_capacity.c:39
  [PASS] C:/Users/admin/c-exam-wuqiuyu-6/test/test_09_unlimited_capacity.c:39
  [PASS] C:/Users/admin/c-exam-wuqiuyu-6/test/test_09_unlimited_capacity.c:39
  [PASS] C:/Users/admin/c-exam-wuqiuyu-6/test/test_09_unlimited_capacity.c:39
  [PASS] C:/Users/admin/c-exam-wuqiuyu-6/test/test_09_unlimited_capacity.c:39
  [PASS] C:/Users/admin/c-exam-wuqiuyu-6/test/test_09_unlimited_capacity.c:39
  [PASS] C:/Users/admin/c-exam-wuqiuyu-6/test/test_09_unlimited_capacity.c:39
  [PASS] C:/Users/admin/c-exam-wuqiuyu-6/test/test_09_unlimited_capacity.c:39
  [PASS] C:/Users/admin/c-exam-wuqiuyu-6/test/test_09_unlimited_capacity.c:39
  [PASS] C:/Users/admin/c-exam-wuqiuyu-6/test/test_09_unlimited_capacity.c:39
  [PASS] C:/Users/admin/c-exam-wuqiuyu-6/test/test_09_unlimited_capacity.c:39
  [PASS] C:/Users/admin/c-exam-wuqiuyu-6/test/test_09_unlimited_capacity.c:39
  [PASS] C:/Users/admin/c-exam-wuqiuyu-6/test/test_09_unlimited_capacity.c:39
  [PASS] C:/Users/admin/c-exam-wuqiuyu-6/test/test_09_unlimited_capacity.c:39
  [PASS] C:/Users/admin/c-exam-wuqiuyu-6/test/test_09_unlimited_capacity.c:39
  [PASS] C:/Users/admin/c-exam-wuqiuyu-6/test/test_09_unlimited_capacity.c:39
  [PASS] C:/Users/admin/c-exam-wuqiuyu-6/test/test_09_unlimited_capacity.c:39
  [PASS] C:/Users/admin/c-exam-wuqiuyu-6/test/test_09_unlimited_capacity.c:39
  [PASS] C:/Users/admin/c-exam-wuqiuyu-6/test/test_09_unlimited_capacity.c:39
  [PASS] C:/Users/admin/c-exam-wuqiuyu-6/test/test_09_unlimited_capacity.c:39
  [PASS] C:/Users/admin/c-exam-wuqiuyu-6/test/test_09_unlimited_capacity.c:39
  [PASS] C:/Users/admin/c-exam-wuqiuyu-6/test/test_09_unlimited_capacity.c:39
  [PASS] C:/Users/admin/c-exam-wuqiuyu-6/test/test_09_unlimited_capacity.c:39
  [PASS] C:/Users/admin/c-exam-wuqiuyu-6/test/test_09_unlimited_capacity.c:39
  [PASS] C:/Users/admin/c-exam-wuqiuyu-6/test/test_09_unlimited_capacity.c:39
  [PASS] C:/Users/admin/c-exam-wuqiuyu-6/test/test_09_unlimited_capacity.c:39
  [PASS] C:/Users/admin/c-exam-wuqiuyu-6/test/test_09_unlimited_capacity.c:39
  [PASS] C:/Users/admin/c-exam-wuqiuyu-6/test/test_09_unlimited_capacity.c:39
  [PASS] C:/Users/admin/c-exam-wuqiuyu-6/test/test_09_unlimited_capacity.c:39
  [PASS] C:/Users/admin/c-exam-wuqiuyu-6/test/test_09_unlimited_capacity.c:39
  [PASS] C:/Users/admin/c-exam-wuqiuyu-6/test/test_09_unlimited_capacity.c:39
  [PASS] C:/Users/admin/c-exam-wuqiuyu-6/test/test_09_unlimited_capacity.c:39
  [PASS] C:/Users/admin/c-exam-wuqiuyu-6/test/test_09_unlimited_capacity.c:39
  [PASS] C:/Users/admin/c-exam-wuqiuyu-6/test/test_09_unlimited_capacity.c:39
  [PASS] C:/Users/admin/c-exam-wuqiuyu-6/test/test_09_unlimited_capacity.c:39
  [PASS] C:/Users/admin/c-exam-wuqiuyu-6/test/test_09_unlimited_capacity.c:39
  [PASS] C:/Users/admin/c-exam-wuqiuyu-6/test/test_09_unlimited_capacity.c:39
  [PASS] C:/Users/admin/c-exam-wuqiuyu-6/test/test_09_unlimited_capacity.c:39
  [PASS] C:/Users/admin/c-exam-wuqiuyu-6/test/test_09_unlimited_capacity.c:39
  [PASS] C:/Users/admin/c-exam-wuqiuyu-6/test/test_09_unlimited_capacity.c:39
  [PASS] C:/Users/admin/c-exam-wuqiuyu-6/test/test_09_unlimited_capacity.c:39
  [PASS] C:/Users/admin/c-exam-wuqiuyu-6/test/test_09_unlimited_capacity.c:39
  [PASS] C:/Users/admin/c-exam-wuqiuyu-6/test/test_09_unlimited_capacity.c:39
  [PASS] C:/Users/admin/c-exam-wuqiuyu-6/test/test_09_unlimited_capacity.c:39
  [PASS] C:/Users/admin/c-exam-wuqiuyu-6/test/test_09_unlimited_capacity.c:39
  [PASS] C:/Users/admin/c-exam-wuqiuyu-6/test/test_09_unlimited_capacity.c:39
  [PASS] C:/Users/admin/c-exam-wuqiuyu-6/test/test_09_unlimited_capacity.c:39
  [PASS] C:/Users/admin/c-exam-wuqiuyu-6/test/test_09_unlimited_capacity.c:39
  [PASS] C:/Users/admin/c-exam-wuqiuyu-6/test/test_09_unlimited_capacity.c:39
  [PASS] C:/Users/admin/c-exam-wuqiuyu-6/test/test_09_unlimited_capacity.c:39
  [PASS] C:/Users/admin/c-exam-wuqiuyu-6/test/test_09_unlimited_capacity.c:39
  [PASS] C:/Users/admin/c-exam-wuqiuyu-6/test/test_09_unlimited_capacity.c:39
  [PASS] C:/Users/admin/c-exam-wuqiuyu-6/test/test_09_unlimited_capacity.c:39
  [PASS] C:/Users/admin/c-exam-wuqiuyu-6/test/test_09_unlimited_capacity.c:39
  [PASS] C:/Users/admin/c-exam-wuqiuyu-6/test/test_09_unlimited_capacity.c:39
  [PASS] C:/Users/admin/c-exam-wuqiuyu-6/test/test_09_unlimited_capacity.c:39
  [PASS] C:/Users/admin/c-exam-wuqiuyu-6/test/test_09_unlimited_capacity.c:39
  [PASS] C:/Users/admin/c-exam-wuqiuyu-6/test/test_09_unlimited_capacity.c:39
  [PASS] C:/Users/admin/c-exam-wuqiuyu-6/test/test_09_unlimited_capacity.c:39
  [PASS] C:/Users/admin/c-exam-wuqiuyu-6/test/test_09_unlimited_capacity.c:39
  [PASS] C:/Users/admin/c-exam-wuqiuyu-6/test/test_09_unlimited_capacity.c:39
  [PASS] C:/Users/admin/c-exam-wuqiuyu-6/test/test_09_unlimited_capacity.c:39
  [PASS] C:/Users/admin/c-exam-wuqiuyu-6/test/test_09_unlimited_capacity.c:39
  [PASS] C:/Users/admin/c-exam-wuqiuyu-6/test/test_09_unlimited_capacity.c:39
  [PASS] C:/Users/admin/c-exam-wuqiuyu-6/test/test_09_unlimited_capacity.c:39
  [PASS] C:/Users/admin/c-exam-wuqiuyu-6/test/test_09_unlimited_capacity.c:39
  [PASS] C:/Users/admin/c-exam-wuqiuyu-6/test/test_09_unlimited_capacity.c:39
  [PASS] C:/Users/admin/c-exam-wuqiuyu-6/test/test_09_unlimited_capacity.c:39
  [PASS] C:/Users/admin/c-exam-wuqiuyu-6/test/test_09_unlimited_capacity.c:39
  [PASS] C:/Users/admin/c-exam-wuqiuyu-6/test/test_09_unlimited_capacity.c:39
  [PASS] C:/Users/admin/c-exam-wuqiuyu-6/test/test_09_unlimited_capacity.c:39
  [PASS] C:/Users/admin/c-exam-wuqiuyu-6/test/test_09_unlimited_capacity.c:39
  [PASS] C:/Users/admin/c-exam-wuqiuyu-6/test/test_09_unlimited_capacity.c:39
  [PASS] C:/Users/admin/c-exam-wuqiuyu-6/test/test_09_unlimited_capacity.c:39
  [PASS] C:/Users/admin/c-exam-wuqiuyu-6/test/test_09_unlimited_capacity.c:39
  [PASS] C:/Users/admin/c-exam-wuqiuyu-6/test/test_09_unlimited_capacity.c:39
  [PASS] C:/Users/admin/c-exam-wuqiuyu-6/test/test_09_unlimited_capacity.c:39
  [PASS] C:/Users/admin/c-exam-wuqiuyu-6/test/test_09_unlimited_capacity.c:39
  [PASS] C:/Users/admin/c-exam-wuqiuyu-6/test/test_09_unlimited_capacity.c:39
  [PASS] C:/Users/admin/c-exam-wuqiuyu-6/test/test_09_unlimited_capacity.c:39
  [PASS] C:/Users/admin/c-exam-wuqiuyu-6/test/test_09_unlimited_capacity.c:39
  [PASS] C:/Users/admin/c-exam-wuqiuyu-6/test/test_09_unlimited_capacity.c:39
  [PASS] C:/Users/admin/c-exam-wuqiuyu-6/test/test_09_unlimited_capacity.c:39
  [PASS] C:/Users/admin/c-exam-wuqiuyu-6/test/test_09_unlimited_capacity.c:39
  [PASS] C:/Users/admin/c-exam-wuqiuyu-6/test/test_09_unlimited_capacity.c:39
  [PASS] C:/Users/admin/c-exam-wuqiuyu-6/test/test_09_unlimited_capacity.c:39
  [PASS] C:/Users/admin/c-exam-wuqiuyu-6/test/test_09_unlimited_capacity.c:39
  [PASS] C:/Users/admin/c-exam-wuqiuyu-6/test/test_09_unlimited_capacity.c:39
  [PASS] C:/Users/admin/c-exam-wuqiuyu-6/test/test_09_unlimited_capacity.c:39
  [PASS] C:/Users/admin/c-exam-wuqiuyu-6/test/test_09_unlimited_capacity.c:39
  [PASS] C:/Users/admin/c-exam-wuqiuyu-6/test/test_09_unlimited_capacity.c:39
  [PASS] C:/Users/admin/c-exam-wuqiuyu-6/test/test_09_unlimited_capacity.c:39
  [PASS] C:/Users/admin/c-exam-wuqiuyu-6/test/test_09_unlimited_capacity.c:39
  [PASS] C:/Users/admin/c-exam-wuqiuyu-6/test/test_09_unlimited_capacity.c:39
  [PASS] C:/Users/admin/c-exam-wuqiuyu-6/test/test_09_unlimited_capacity.c:39
  [PASS] C:/Users/admin/c-exam-wuqiuyu-6/test/test_09_unlimited_capacity.c:39
  [PASS] C:/Users/admin/c-exam-wuqiuyu-6/test/test_09_unlimited_capacity.c:39
  [PASS] C:/Users/admin/c-exam-wuqiuyu-6/test/test_09_unlimited_capacity.c:39
  [PASS] C:/Users/admin/c-exam-wuqiuyu-6/test/test_09_unlimited_capacity.c:39
  [PASS] C:/Users/admin/c-exam-wuqiuyu-6/test/test_09_unlimited_capacity.c:39
  [PASS] C:/Users/admin/c-exam-wuqiuyu-6/test/test_09_unlimited_capacity.c:39
  [PASS] C:/Users/admin/c-exam-wuqiuyu-6/test/test_09_unlimited_capacity.c:39
  [PASS] C:/Users/admin/c-exam-wuqiuyu-6/test/test_09_unlimited_capacity.c:39
  [PASS] C:/Users/admin/c-exam-wuqiuyu-6/test/test_09_unlimited_capacity.c:39
  [PASS] C:/Users/admin/c-exam-wuqiuyu-6/test/test_09_unlimited_capacity.c:39
  [PASS] C:/Users/admin/c-exam-wuqiuyu-6/test/test_09_unlimited_capacity.c:39
  [PASS] C:/Users/admin/c-exam-wuqiuyu-6/test/test_09_unlimited_capacity.c:39
  [PASS] C:/Users/admin/c-exam-wuqiuyu-6/test/test_09_unlimited_capacity.c:39
  [PASS] C:/Users/admin/c-exam-wuqiuyu-6/test/test_09_unlimited_capacity.c:39
  [PASS] C:/Users/admin/c-exam-wuqiuyu-6/test/test_09_unlimited_capacity.c:39
  [PASS] C:/Users/admin/c-exam-wuqiuyu-6/test/test_09_unlimited_capacity.c:39
  [PASS] C:/Users/admin/c-exam-wuqiuyu-6/test/test_09_unlimited_capacity.c:39
  [PASS] C:/Users/admin/c-exam-wuqiuyu-6/test/test_09_unlimited_capacity.c:39
  [PASS] C:/Users/admin/c-exam-wuqiuyu-6/test/test_09_unlimited_capacity.c:39
  [PASS] C:/Users/admin/c-exam-wuqiuyu-6/test/test_09_unlimited_capacity.c:39
  [PASS] C:/Users/admin/c-exam-wuqiuyu-6/test/test_09_unlimited_capacity.c:39
  [PASS] C:/Users/admin/c-exam-wuqiuyu-6/test/test_09_unlimited_capacity.c:39
  [PASS] C:/Users/admin/c-exam-wuqiuyu-6/test/test_09_unlimited_capacity.c:39
  [PASS] C:/Users/admin/c-exam-wuqiuyu-6/test/test_09_unlimited_capacity.c:39
  [PASS] C:/Users/admin/c-exam-wuqiuyu-6/test/test_09_unlimited_capacity.c:39
  [PASS] C:/Users/admin/c-exam-wuqiuyu-6/test/test_09_unlimited_capacity.c:39
  [PASS] C:/Users/admin/c-exam-wuqiuyu-6/test/test_09_unlimited_capacity.c:39
  [PASS] C:/Users/admin/c-exam-wuqiuyu-6/test/test_09_unlimited_capacity.c:39
  [PASS] C:/Users/admin/c-exam-wuqiuyu-6/test/test_09_unlimited_capacity.c:39
  [PASS] C:/Users/admin/c-exam-wuqiuyu-6/test/test_09_unlimited_capacity.c:39
  [PASS] C:/Users/admin/c-exam-wuqiuyu-6/test/test_09_unlimited_capacity.c:39
  [PASS] C:/Users/admin/c-exam-wuqiuyu-6/test/test_09_unlimited_capacity.c:39
  [PASS] C:/Users/admin/c-exam-wuqiuyu-6/test/test_09_unlimited_capacity.c:39
  [PASS] C:/Users/admin/c-exam-wuqiuyu-6/test/test_09_unlimited_capacity.c:39
  [PASS] C:/Users/admin/c-exam-wuqiuyu-6/test/test_09_unlimited_capacity.c:39
  [PASS] C:/Users/admin/c-exam-wuqiuyu-6/test/test_09_unlimited_capacity.c:39
  [PASS] C:/Users/admin/c-exam-wuqiuyu-6/test/test_09_unlimited_capacity.c:39
  [PASS] C:/Users/admin/c-exam-wuqiuyu-6/test/test_09_unlimited_capacity.c:39
  [PASS] C:/Users/admin/c-exam-wuqiuyu-6/test/test_09_unlimited_capacity.c:39
  [PASS] C:/Users/admin/c-exam-wuqiuyu-6/test/test_09_unlimited_capacity.c:39
  [PASS] C:/Users/admin/c-exam-wuqiuyu-6/test/test_09_unlimited_capacity.c:39
  [PASS] C:/Users/admin/c-exam-wuqiuyu-6/test/test_09_unlimited_capacity.c:39
  [PASS] C:/Users/admin/c-exam-wuqiuyu-6/test/test_09_unlimited_capacity.c:39
  [PASS] C:/Users/admin/c-exam-wuqiuyu-6/test/test_09_unlimited_capacity.c:39
  [PASS] C:/Users/admin/c-exam-wuqiuyu-6/test/test_09_unlimited_capacity.c:39
  [PASS] C:/Users/admin/c-exam-wuqiuyu-6/test/test_09_unlimited_capacity.c:39
  [PASS] C:/Users/admin/c-exam-wuqiuyu-6/test/test_09_unlimited_capacity.c:39
  [PASS] C:/Users/admin/c-exam-wuqiuyu-6/test/test_09_unlimited_capacity.c:39
  [PASS] C:/Users/admin/c-exam-wuqiuyu-6/test/test_09_unlimited_capacity.c:39
  [PASS] C:/Users/admin/c-exam-wuqiuyu-6/test/test_09_unlimited_capacity.c:39
  [PASS] C:/Users/admin/c-exam-wuqiuyu-6/test/test_09_unlimited_capacity.c:39
  [PASS] C:/Users/admin/c-exam-wuqiuyu-6/test/test_09_unlimited_capacity.c:39
  [PASS] C:/Users/admin/c-exam-wuqiuyu-6/test/test_09_unlimited_capacity.c:39
  [PASS] C:/Users/admin/c-exam-wuqiuyu-6/test/test_09_unlimited_capacity.c:39
  [PASS] C:/Users/admin/c-exam-wuqiuyu-6/test/test_09_unlimited_capacity.c:39
  [PASS] C:/Users/admin/c-exam-wuqiuyu-6/test/test_09_unlimited_capacity.c:39
  [PASS] C:/Users/admin/c-exam-wuqiuyu-6/test/test_09_unlimited_capacity.c:39
  [PASS] C:/Users/admin/c-exam-wuqiuyu-6/test/test_09_unlimited_capacity.c:39
  [PASS] C:/Users/admin/c-exam-wuqiuyu-6/test/test_09_unlimited_capacity.c:39
  [PASS] C:/Users/admin/c-exam-wuqiuyu-6/test/test_09_unlimited_capacity.c:39
  [PASS] C:/Users/admin/c-exam-wuqiuyu-6/test/test_09_unlimited_capacity.c:39
  [PASS] C:/Users/admin/c-exam-wuqiuyu-6/test/test_09_unlimited_capacity.c:39
  [PASS] C:/Users/admin/c-exam-wuqiuyu-6/test/test_09_unlimited_capacity.c:39
  [PASS] C:/Users/admin/c-exam-wuqiuyu-6/test/test_09_unlimited_capacity.c:39
  [PASS] C:/Users/admin/c-exam-wuqiuyu-6/test/test_09_unlimited_capacity.c:39
  [PASS] C:/Users/admin/c-exam-wuqiuyu-6/test/test_09_unlimited_capacity.c:39
  [PASS] C:/Users/admin/c-exam-wuqiuyu-6/test/test_09_unlimited_capacity.c:39
  [PASS] C:/Users/admin/c-exam-wuqiuyu-6/test/test_09_unlimited_capacity.c:39
  [PASS] C:/Users/admin/c-exam-wuqiuyu-6/test/test_09_unlimited_capacity.c:39
  [PASS] C:/Users/admin/c-exam-wuqiuyu-6/test/test_09_unlimited_capacity.c:39
  [PASS] C:/Users/admin/c-exam-wuqiuyu-6/test/test_09_unlimited_capacity.c:39
  [PASS] C:/Users/admin/c-exam-wuqiuyu-6/test/test_09_unlimited_capacity.c:39
  [PASS] C:/Users/admin/c-exam-wuqiuyu-6/test/test_09_unlimited_capacity.c:39
  [PASS] C:/Users/admin/c-exam-wuqiuyu-6/test/test_09_unlimited_capacity.c:39
  [PASS] C:/Users/admin/c-exam-wuqiuyu-6/test/test_09_unlimited_capacity.c:39
  [PASS] C:/Users/admin/c-exam-wuqiuyu-6/test/test_09_unlimited_capacity.c:39
  [PASS] C:/Users/admin/c-exam-wuqiuyu-6/test/test_09_unlimited_capacity.c:39
  [PASS] C:/Users/admin/c-exam-wuqiuyu-6/test/test_09_unlimited_capacity.c:39
  [PASS] C:/Users/admin/c-exam-wuqiuyu-6/test/test_09_unlimited_capacity.c:39
  [PASS] C:/Users/admin/c-exam-wuqiuyu-6/test/test_09_unlimited_capacity.c:39
  [PASS] C:/Users/admin/c-exam-wuqiuyu-6/test/test_09_unlimited_capacity.c:39
  [PASS] C:/Users/admin/c-exam-wuqiuyu-6/test/test_09_unlimited_capacity.c:39
  [PASS] C:/Users/admin/c-exam-wuqiuyu-6/test/test_09_unlimited_capacity.c:39
  [PASS] C:/Users/admin/c-exam-wuqiuyu-6/test/test_09_unlimited_capacity.c:39
  [PASS] C:/Users/admin/c-exam-wuqiuyu-6/test/test_09_unlimited_capacity.c:39
  [PASS] C:/Users/admin/c-exam-wuqiuyu-6/test/test_09_unlimited_capacity.c:39
  [PASS] C:/Users/admin/c-exam-wuqiuyu-6/test/test_09_unlimited_capacity.c:39
  [PASS] C:/Users/admin/c-exam-wuqiuyu-6/test/test_09_unlimited_capacity.c:39
  [PASS] C:/Users/admin/c-exam-wuqiuyu-6/test/test_09_unlimited_capacity.c:39
  [PASS] C:/Users/admin/c-exam-wuqiuyu-6/test/test_09_unlimited_capacity.c:39
  [PASS] C:/Users/admin/c-exam-wuqiuyu-6/test/test_09_unlimited_capacity.c:39
  [PASS] C:/Users/admin/c-exam-wuqiuyu-6/test/test_09_unlimited_capacity.c:39
  [PASS] C:/Users/admin/c-exam-wuqiuyu-6/test/test_09_unlimited_capacity.c:39
  [PASS] C:/Users/admin/c-exam-wuqiuyu-6/test/test_09_unlimited_capacity.c:39
  [PASS] C:/Users/admin/c-exam-wuqiuyu-6/test/test_09_unlimited_capacity.c:39
  [PASS] C:/Users/admin/c-exam-wuqiuyu-6/test/test_09_unlimited_capacity.c:39
  [PASS] C:/Users/admin/c-exam-wuqiuyu-6/test/test_09_unlimited_capacity.c:39
  [PASS] C:/Users/admin/c-exam-wuqiuyu-6/test/test_09_unlimited_capacity.c:39
  [PASS] C:/Users/admin/c-exam-wuqiuyu-6/test/test_09_unlimited_capacity.c:39
  [PASS] C:/Users/admin/c-exam-wuqiuyu-6/test/test_09_unlimited_capacity.c:39
  [PASS] C:/Users/admin/c-exam-wuqiuyu-6/test/test_09_unlimited_capacity.c:39
  [PASS] C:/Users/admin/c-exam-wuqiuyu-6/test/test_09_unlimited_capacity.c:39
  [PASS] C:/Users/admin/c-exam-wuqiuyu-6/test/test_09_unlimited_capacity.c:39
  [PASS] C:/Users/admin/c-exam-wuqiuyu-6/test/test_09_unlimited_capacity.c:39
  [PASS] C:/Users/admin/c-exam-wuqiuyu-6/test/test_09_unlimited_capacity.c:39
  [PASS] C:/Users/admin/c-exam-wuqiuyu-6/test/test_09_unlimited_capacity.c:39
  [PASS] C:/Users/admin/c-exam-wuqiuyu-6/test/test_09_unlimited_capacity.c:39
  [PASS] C:/Users/admin/c-exam-wuqiuyu-6/test/test_09_unlimited_capacity.c:39
  [PASS] C:/Users/admin/c-exam-wuqiuyu-6/test/test_09_unlimited_capacity.c:39
  [PASS] C:/Users/admin/c-exam-wuqiuyu-6/test/test_09_unlimited_capacity.c:39
  [PASS] C:/Users/admin/c-exam-wuqiuyu-6/test/test_09_unlimited_capacity.c:39
  [PASS] C:/Users/admin/c-exam-wuqiuyu-6/test/test_09_unlimited_capacity.c:39
  [PASS] C:/Users/admin/c-exam-wuqiuyu-6/test/test_09_unlimited_capacity.c:39
  [PASS] C:/Users/admin/c-exam-wuqiuyu-6/test/test_09_unlimited_capacity.c:39
[...]
  [PASS] C:/Users/admin/c-exam-wuqiuyu-6/test/test_09_unlimited_capacity.c:47
  [PASS] C:/Users/admin/c-exam-wuqiuyu-6/test/test_09_unlimited_capacity.c:46
  [PASS] C:/Users/admin/c-exam-wuqiuyu-6/test/test_09_unlimited_capacity.c:47
  [PASS] C:/Users/admin/c-exam-wuqiuyu-6/test/test_09_unlimited_capacity.c:46
  [PASS] C:/Users/admin/c-exam-wuqiuyu-6/test/test_09_unlimited_capacity.c:47
  [PASS] C:/Users/admin/c-exam-wuqiuyu-6/test/test_09_unlimited_capacity.c:46
  [PASS] C:/Users/admin/c-exam-wuqiuyu-6/test/test_09_unlimited_capacity.c:47
  [PASS] C:/Users/admin/c-exam-wuqiuyu-6/test/test_09_unlimited_capacity.c:46
  [PASS] C:/Users/admin/c-exam-wuqiuyu-6/test/test_09_unlimited_capacity.c:47
  [PASS] C:/Users/admin/c-exam-wuqiuyu-6/test/test_09_unlimited_capacity.c:46
  [PASS] C:/Users/admin/c-exam-wuqiuyu-6/test/test_09_unlimited_capacity.c:47
  [PASS] C:/Users/admin/c-exam-wuqiuyu-6/test/test_09_unlimited_capacity.c:46
  [PASS] C:/Users/admin/c-exam-wuqiuyu-6/test/test_09_unlimited_capacity.c:47
  [PASS] C:/Users/admin/c-exam-wuqiuyu-6/test/test_09_unlimited_capacity.c:46
  [PASS] C:/Users/admin/c-exam-wuqiuyu-6/test/test_09_unlimited_capacity.c:47
  [PASS] C:/Users/admin/c-exam-wuqiuyu-6/test/test_09_unlimited_capacity.c:46
  [PASS] C:/Users/admin/c-exam-wuqiuyu-6/test/test_09_unlimited_capacity.c:47
  [PASS] C:/Users/admin/c-exam-wuqiuyu-6/test/test_09_unlimited_capacity.c:46
  [PASS] C:/Users/admin/c-exam-wuqiuyu-6/test/test_09_unlimited_capacity.c:47
  [PASS] C:/Users/admin/c-exam-wuqiuyu-6/test/test_09_unlimited_capacity.c:46
  [PASS] C:/Users/admin/c-exam-wuqiuyu-6/test/test_09_unlimited_capacity.c:47
  [PASS] C:/Users/admin/c-exam-wuqiuyu-6/test/test_09_unlimited_capacity.c:46
  [PASS] C:/Users/admin/c-exam-wuqiuyu-6/test/test_09_unlimited_capacity.c:47
  [PASS] C:/Users/admin/c-exam-wuqiuyu-6/test/test_09_unlimited_capacity.c:46
  [PASS] C:/Users/admin/c-exam-wuqiuyu-6/test/test_09_unlimited_capacity.c:47
  [PASS] C:/Users/admin/c-exam-wuqiuyu-6/test/test_09_unlimited_capacity.c:46
  [PASS] C:/Users/admin/c-exam-wuqiuyu-6/test/test_09_unlimited_capacity.c:47
  [PASS] C:/Users/admin/c-exam-wuqiuyu-6/test/test_09_unlimited_capacity.c:46
  [PASS] C:/Users/admin/c-exam-wuqiuyu-6/test/test_09_unlimited_capacity.c:47
  [PASS] C:/Users/admin/c-exam-wuqiuyu-6/test/test_09_unlimited_capacity.c:46
  [PASS] C:/Users/admin/c-exam-wuqiuyu-6/test/test_09_unlimited_capacity.c:47
  [PASS] C:/Users/admin/c-exam-wuqiuyu-6/test/test_09_unlimited_capacity.c:46
  [PASS] C:/Users/admin/c-exam-wuqiuyu-6/test/test_09_unlimited_capacity.c:47
  [PASS] C:/Users/admin/c-exam-wuqiuyu-6/test/test_09_unlimited_capacity.c:46
  [PASS] C:/Users/admin/c-exam-wuqiuyu-6/test/test_09_unlimited_capacity.c:47
  [PASS] C:/Users/admin/c-exam-wuqiuyu-6/test/test_09_unlimited_capacity.c:46
  [PASS] C:/Users/admin/c-exam-wuqiuyu-6/test/test_09_unlimited_capacity.c:47
  [PASS] C:/Users/admin/c-exam-wuqiuyu-6/test/test_09_unlimited_capacity.c:46
  [PASS] C:/Users/admin/c-exam-wuqiuyu-6/test/test_09_unlimited_capacity.c:47
  [PASS] C:/Users/admin/c-exam-wuqiuyu-6/test/test_09_unlimited_capacity.c:46
  [PASS] C:/Users/admin/c-exam-wuqiuyu-6/test/test_09_unlimited_capacity.c:47
  [PASS] C:/Users/admin/c-exam-wuqiuyu-6/test/test_09_unlimited_capacity.c:46
  [PASS] C:/Users/admin/c-exam-wuqiuyu-6/test/test_09_unlimited_capacity.c:47
  [PASS] C:/Users/admin/c-exam-wuqiuyu-6/test/test_09_unlimited_capacity.c:46
  [PASS] C:/Users/admin/c-exam-wuqiuyu-6/test/test_09_unlimited_capacity.c:47
  [PASS] C:/Users/admin/c-exam-wuqiuyu-6/test/test_09_unlimited_capacity.c:46
  [PASS] C:/Users/admin/c-exam-wuqiuyu-6/test/test_09_unlimited_capacity.c:47
  [PASS] C:/Users/admin/c-exam-wuqiuyu-6/test/test_09_unlimited_capacity.c:46
  [PASS] C:/Users/admin/c-exam-wuqiuyu-6/test/test_09_unlimited_capacity.c:47
  [PASS] C:/Users/admin/c-exam-wuqiuyu-6/test/test_09_unlimited_capacity.c:46
  [PASS] C:/Users/admin/c-exam-wuqiuyu-6/test/test_09_unlimited_capacity.c:47
  [PASS] C:/Users/admin/c-exam-wuqiuyu-6/test/test_09_unlimited_capacity.c:46
  [PASS] C:/Users/admin/c-exam-wuqiuyu-6/test/test_09_unlimited_capacity.c:47
  [PASS] C:/Users/admin/c-exam-wuqiuyu-6/test/test_09_unlimited_capacity.c:46
  [PASS] C:/Users/admin/c-exam-wuqiuyu-6/test/test_09_unlimited_capacity.c:47
  [PASS] C:/Users/admin/c-exam-wuqiuyu-6/test/test_09_unlimited_capacity.c:46
  [PASS] C:/Users/admin/c-exam-wuqiuyu-6/test/test_09_unlimited_capacity.c:47
  [PASS] C:/Users/admin/c-exam-wuqiuyu-6/test/test_09_unlimited_capacity.c:46
  [PASS] C:/Users/admin/c-exam-wuqiuyu-6/test/test_09_unlimited_capacity.c:47
  [PASS] C:/Users/admin/c-exam-wuqiuyu-6/test/test_09_unlimited_capacity.c:46
  [PASS] C:/Users/admin/c-exam-wuqiuyu-6/test/test_09_unlimited_capacity.c:47
  [PASS] C:/Users/admin/c-exam-wuqiuyu-6/test/test_09_unlimited_capacity.c:46
  [PASS] C:/Users/admin/c-exam-wuqiuyu-6/test/test_09_unlimited_capacity.c:47
  [PASS] C:/Users/admin/c-exam-wuqiuyu-6/test/test_09_unlimited_capacity.c:46
  [PASS] C:/Users/admin/c-exam-wuqiuyu-6/test/test_09_unlimited_capacity.c:47
  [PASS] C:/Users/admin/c-exam-wuqiuyu-6/test/test_09_unlimited_capacity.c:46
  [PASS] C:/Users/admin/c-exam-wuqiuyu-6/test/test_09_unlimited_capacity.c:47
  [PASS] C:/Users/admin/c-exam-wuqiuyu-6/test/test_09_unlimited_capacity.c:46
  [PASS] C:/Users/admin/c-exam-wuqiuyu-6/test/test_09_unlimited_capacity.c:47
  [PASS] C:/Users/admin/c-exam-wuqiuyu-6/test/test_09_unlimited_capacity.c:46
  [PASS] C:/Users/admin/c-exam-wuqiuyu-6/test/test_09_unlimited_capacity.c:47
  [PASS] C:/Users/admin/c-exam-wuqiuyu-6/test/test_09_unlimited_capacity.c:46
  [PASS] C:/Users/admin/c-exam-wuqiuyu-6/test/test_09_unlimited_capacity.c:47
  [PASS] C:/Users/admin/c-exam-wuqiuyu-6/test/test_09_unlimited_capacity.c:46
  [PASS] C:/Users/admin/c-exam-wuqiuyu-6/test/test_09_unlimited_capacity.c:47
  [PASS] C:/Users/admin/c-exam-wuqiuyu-6/test/test_09_unlimited_capacity.c:46
  [PASS] C:/Users/admin/c-exam-wuqiuyu-6/test/test_09_unlimited_capacity.c:47
  [PASS] C:/Users/admin/c-exam-wuqiuyu-6/test/test_09_unlimited_capacity.c:46
  [PASS] C:/Users/admin/c-exam-wuqiuyu-6/test/test_09_unlimited_capacity.c:47
  [PASS] C:/Users/admin/c-exam-wuqiuyu-6/test/test_09_unlimited_capacity.c:46
  [PASS] C:/Users/admin/c-exam-wuqiuyu-6/test/test_09_unlimited_capacity.c:47
  [PASS] C:/Users/admin/c-exam-wuqiuyu-6/test/test_09_unlimited_capacity.c:46
  [PASS] C:/Users/admin/c-exam-wuqiuyu-6/test/test_09_unlimited_capacity.c:47
  [PASS] C:/Users/admin/c-exam-wuqiuyu-6/test/test_09_unlimited_capacity.c:46
  [PASS] C:/Users/admin/c-exam-wuqiuyu-6/test/test_09_unlimited_capacity.c:47
  [PASS] C:/Users/admin/c-exam-wuqiuyu-6/test/test_09_unlimited_capacity.c:46
  [PASS] C:/Users/admin/c-exam-wuqiuyu-6/test/test_09_unlimited_capacity.c:47
  [PASS] C:/Users/admin/c-exam-wuqiuyu-6/test/test_09_unlimited_capacity.c:46
  [PASS] C:/Users/admin/c-exam-wuqiuyu-6/test/test_09_unlimited_capacity.c:47
  [PASS] C:/Users/admin/c-exam-wuqiuyu-6/test/test_09_unlimited_capacity.c:46
  [PASS] C:/Users/admin/c-exam-wuqiuyu-6/test/test_09_unlimited_capacity.c:47
  [PASS] C:/Users/admin/c-exam-wuqiuyu-6/test/test_09_unlimited_capacity.c:46
  [PASS] C:/Users/admin/c-exam-wuqiuyu-6/test/test_09_unlimited_capacity.c:47
  [PASS] C:/Users/admin/c-exam-wuqiuyu-6/test/test_09_unlimited_capacity.c:46
  [PASS] C:/Users/admin/c-exam-wuqiuyu-6/test/test_09_unlimited_capacity.c:47
  [PASS] C:/Users/admin/c-exam-wuqiuyu-6/test/test_09_unlimited_capacity.c:46
  [PASS] C:/Users/admin/c-exam-wuqiuyu-6/test/test_09_unlimited_capacity.c:47
  [PASS] C:/Users/admin/c-exam-wuqiuyu-6/test/test_09_unlimited_capacity.c:46
  [PASS] C:/Users/admin/c-exam-wuqiuyu-6/test/test_09_unlimited_capacity.c:47
  [PASS] C:/Users/admin/c-exam-wuqiuyu-6/test/test_09_unlimited_capacity.c:46
  [PASS] C:/Users/admin/c-exam-wuqiuyu-6/test/test_09_unlimited_capacity.c:47
  [PASS] C:/Users/admin/c-exam-wuqiuyu-6/test/test_09_unlimited_capacity.c:46
  [PASS] C:/Users/admin/c-exam-wuqiuyu-6/test/test_09_unlimited_capacity.c:47
  [PASS] C:/Users/admin/c-exam-wuqiuyu-6/test/test_09_unlimited_capacity.c:46
  [PASS] C:/Users/admin/c-exam-wuqiuyu-6/test/test_09_unlimited_capacity.c:47
  [PASS] C:/Users/admin/c-exam-wuqiuyu-6/test/test_09_unlimited_capacity.c:46
  [PASS] C:/Users/admin/c-exam-wuqiuyu-6/test/test_09_unlimited_capacity.c:47
  [PASS] C:/Users/admin/c-exam-wuqiuyu-6/test/test_09_unlimited_capacity.c:46
  [PASS] C:/Users/admin/c-exam-wuqiuyu-6/test/test_09_unlimited_capacity.c:47
  [PASS] C:/Users/admin/c-exam-wuqiuyu-6/test/test_09_unlimited_capacity.c:46
  [PASS] C:/Users/admin/c-exam-wuqiuyu-6/test/test_09_unlimited_capacity.c:47
  [PASS] C:/Users/admin/c-exam-wuqiuyu-6/test/test_09_unlimited_capacity.c:46
  [PASS] C:/Users/admin/c-exam-wuqiuyu-6/test/test_09_unlimited_capacity.c:47
  [PASS] C:/Users/admin/c-exam-wuqiuyu-6/test/test_09_unlimited_capacity.c:46
  [PASS] C:/Users/admin/c-exam-wuqiuyu-6/test/test_09_unlimited_capacity.c:47
  [PASS] C:/Users/admin/c-exam-wuqiuyu-6/test/test_09_unlimited_capacity.c:46
  [PASS] C:/Users/admin/c-exam-wuqiuyu-6/test/test_09_unlimited_capacity.c:47
  [PASS] C:/Users/admin/c-exam-wuqiuyu-6/test/test_09_unlimited_capacity.c:46
  [PASS] C:/Users/admin/c-exam-wuqiuyu-6/test/test_09_unlimited_capacity.c:47
  [PASS] C:/Users/admin/c-exam-wuqiuyu-6/test/test_09_unlimited_capacity.c:46
  [PASS] C:/Users/admin/c-exam-wuqiuyu-6/test/test_09_unlimited_capacity.c:47
  [PASS] C:/Users/admin/c-exam-wuqiuyu-6/test/test_09_unlimited_capacity.c:46
  [PASS] C:/Users/admin/c-exam-wuqiuyu-6/test/test_09_unlimited_capacity.c:47
  [PASS] C:/Users/admin/c-exam-wuqiuyu-6/test/test_09_unlimited_capacity.c:46
  [PASS] C:/Users/admin/c-exam-wuqiuyu-6/test/test_09_unlimited_capacity.c:47
  [PASS] C:/Users/admin/c-exam-wuqiuyu-6/test/test_09_unlimited_capacity.c:46
  [PASS] C:/Users/admin/c-exam-wuqiuyu-6/test/test_09_unlimited_capacity.c:47
  [PASS] C:/Users/admin/c-exam-wuqiuyu-6/test/test_09_unlimited_capacity.c:46
  [PASS] C:/Users/admin/c-exam-wuqiuyu-6/test/test_09_unlimited_capacity.c:47
  [PASS] C:/Users/admin/c-exam-wuqiuyu-6/test/test_09_unlimited_capacity.c:46
  [PASS] C:/Users/admin/c-exam-wuqiuyu-6/test/test_09_unlimited_capacity.c:47
  [PASS] C:/Users/admin/c-exam-wuqiuyu-6/test/test_09_unlimited_capacity.c:46
  [PASS] C:/Users/admin/c-exam-wuqiuyu-6/test/test_09_unlimited_capacity.c:47
  [PASS] C:/Users/admin/c-exam-wuqiuyu-6/test/test_09_unlimited_capacity.c:46
  [PASS] C:/Users/admin/c-exam-wuqiuyu-6/test/test_09_unlimited_capacity.c:47
  [PASS] C:/Users/admin/c-exam-wuqiuyu-6/test/test_09_unlimited_capacity.c:46
  [PASS] C:/Users/admin/c-exam-wuqiuyu-6/test/test_09_unlimited_capacity.c:47
  [PASS] C:/Users/admin/c-exam-wuqiuyu-6/test/test_09_unlimited_capacity.c:46
  [PASS] C:/Users/admin/c-exam-wuqiuyu-6/test/test_09_unlimited_capacity.c:47
  [PASS] C:/Users/admin/c-exam-wuqiuyu-6/test/test_09_unlimited_capacity.c:46
  [PASS] C:/Users/admin/c-exam-wuqiuyu-6/test/test_09_unlimited_capacity.c:47
  [PASS] C:/Users/admin/c-exam-wuqiuyu-6/test/test_09_unlimited_capacity.c:46
  [PASS] C:/Users/admin/c-exam-wuqiuyu-6/test/test_09_unlimited_capacity.c:47
  [PASS] C:/Users/admin/c-exam-wuqiuyu-6/test/test_09_unlimited_capacity.c:46
  [PASS] C:/Users/admin/c-exam-wuqiuyu-6/test/test_09_unlimited_capacity.c:47
  [PASS] C:/Users/admin/c-exam-wuqiuyu-6/test/test_09_unlimited_capacity.c:46
  [PASS] C:/Users/admin/c-exam-wuqiuyu-6/test/test_09_unlimited_capacity.c:47
  [PASS] C:/Users/admin/c-exam-wuqiuyu-6/test/test_09_unlimited_capacity.c:46
  [PASS] C:/Users/admin/c-exam-wuqiuyu-6/test/test_09_unlimited_capacity.c:47
  [PASS] C:/Users/admin/c-exam-wuqiuyu-6/test/test_09_unlimited_capacity.c:46
  [PASS] C:/Users/admin/c-exam-wuqiuyu-6/test/test_09_unlimited_capacity.c:47
  [PASS] C:/Users/admin/c-exam-wuqiuyu-6/test/test_09_unlimited_capacity.c:46
  [PASS] C:/Users/admin/c-exam-wuqiuyu-6/test/test_09_unlimited_capacity.c:47
  [PASS] C:/Users/admin/c-exam-wuqiuyu-6/test/test_09_unlimited_capacity.c:46
  [PASS] C:/Users/admin/c-exam-wuqiuyu-6/test/test_09_unlimited_capacity.c:47
  [PASS] C:/Users/admin/c-exam-wuqiuyu-6/test/test_09_unlimited_capacity.c:46
  [PASS] C:/Users/admin/c-exam-wuqiuyu-6/test/test_09_unlimited_capacity.c:47
  [PASS] C:/Users/admin/c-exam-wuqiuyu-6/test/test_09_unlimited_capacity.c:46
  [PASS] C:/Users/admin/c-exam-wuqiuyu-6/test/test_09_unlimited_capacity.c:47
  [PASS] C:/Users/admin/c-exam-wuqiuyu-6/test/test_09_unlimited_capacity.c:46
  [PASS] C:/Users/admin/c-exam-wuqiuyu-6/test/test_09_unlimited_capacity.c:47
  [PASS] C:/Users/admin/c-exam-wuqiuyu-6/test/test_09_unlimited_capacity.c:46
  [PASS] C:/Users/admin/c-exam-wuqiuyu-6/test/test_09_unlimited_capacity.c:47
  [PASS] C:/Users/admin/c-exam-wuqiuyu-6/test/test_09_unlimited_capacity.c:46
  [PASS] C:/Users/admin/c-exam-wuqiuyu-6/test/test_09_unlimited_capacity.c:47
  [PASS] C:/Users/admin/c-exam-wuqiuyu-6/test/test_09_unlimited_capacity.c:46
  [PASS] C:/Users/admin/c-exam-wuqiuyu-6/test/test_09_unlimited_capacity.c:47
  [PASS] C:/Users/admin/c-exam-wuqiuyu-6/test/test_09_unlimited_capacity.c:46
  [PASS] C:/Users/admin/c-exam-wuqiuyu-6/test/test_09_unlimited_capacity.c:47
  [PASS] C:/Users/admin/c-exam-wuqiuyu-6/test/test_09_unlimited_capacity.c:46
  [PASS] C:/Users/admin/c-exam-wuqiuyu-6/test/test_09_unlimited_capacity.c:47
  [PASS] C:/Users/admin/c-exam-wuqiuyu-6/test/test_09_unlimited_capacity.c:46
  [PASS] C:/Users/admin/c-exam-wuqiuyu-6/test/test_09_unlimited_capacity.c:47
  [PASS] C:/Users/admin/c-exam-wuqiuyu-6/test/test_09_unlimited_capacity.c:46
  [PASS] C:/Users/admin/c-exam-wuqiuyu-6/test/test_09_unlimited_capacity.c:47
  [PASS] C:/Users/admin/c-exam-wuqiuyu-6/test/test_09_unlimited_capacity.c:46
  [PASS] C:/Users/admin/c-exam-wuqiuyu-6/test/test_09_unlimited_capacity.c:47
  [PASS] C:/Users/admin/c-exam-wuqiuyu-6/test/test_09_unlimited_capacity.c:46
  [PASS] C:/Users/admin/c-exam-wuqiuyu-6/test/test_09_unlimited_capacity.c:47
  [PASS] C:/Users/admin/c-exam-wuqiuyu-6/test/test_09_unlimited_capacity.c:46
  [PASS] C:/Users/admin/c-exam-wuqiuyu-6/test/test_09_unlimited_capacity.c:47
  [PASS] C:/Users/admin/c-exam-wuqiuyu-6/test/test_09_unlimited_capacity.c:46
  [PASS] C:/Users/admin/c-exam-wuqiuyu-6/test/test_09_unlimited_capacity.c:47
  [PASS] C:/Users/admin/c-exam-wuqiuyu-6/test/test_09_unlimited_capacity.c:46
  [PASS] C:/Users/admin/c-exam-wuqiuyu-6/test/test_09_unlimited_capacity.c:47
  [PASS] C:/Users/admin/c-exam-wuqiuyu-6/test/test_09_unlimited_capacity.c:46
  [PASS] C:/Users/admin/c-exam-wuqiuyu-6/test/test_09_unlimited_capacity.c:47
  [PASS] C:/Users/admin/c-exam-wuqiuyu-6/test/test_09_unlimited_capacity.c:46
  [PASS] C:/Users/admin/c-exam-wuqiuyu-6/test/test_09_unlimited_capacity.c:47
  [PASS] C:/Users/admin/c-exam-wuqiuyu-6/test/test_09_unlimited_capacity.c:46
  [PASS] C:/Users/admin/c-exam-wuqiuyu-6/test/test_09_unlimited_capacity.c:47
  [PASS] C:/Users/admin/c-exam-wuqiuyu-6/test/test_09_unlimited_capacity.c:46
  [PASS] C:/Users/admin/c-exam-wuqiuyu-6/test/test_09_unlimited_capacity.c:47
  [PASS] C:/Users/admin/c-exam-wuqiuyu-6/test/test_09_unlimited_capacity.c:46
  [PASS] C:/Users/admin/c-exam-wuqiuyu-6/test/test_09_unlimited_capacity.c:47
  [PASS] C:/Users/admin/c-exam-wuqiuyu-6/test/test_09_unlimited_capacity.c:46
  [PASS] C:/Users/admin/c-exam-wuqiuyu-6/test/test_09_unlimited_capacity.c:47
  [PASS] C:/Users/admin/c-exam-wuqiuyu-6/test/test_09_unlimited_capacity.c:46
  [PASS] C:/Users/admin/c-exam-wuqiuyu-6/test/test_09_unlimited_capacity.c:47
  [PASS] C:/Users/admin/c-exam-wuqiuyu-6/test/test_09_unlimited_capacity.c:46
  [PASS] C:/Users/admin/c-exam-wuqiuyu-6/test/test_09_unlimited_capacity.c:47
  [PASS] C:/Users/admin/c-exam-wuqiuyu-6/test/test_09_unlimited_capacity.c:46
  [PASS] C:/Users/admin/c-exam-wuqiuyu-6/test/test_09_unlimited_capacity.c:47
  [PASS] C:/Users/admin/c-exam-wuqiuyu-6/test/test_09_unlimited_capacity.c:46
  [PASS] C:/Users/admin/c-exam-wuqiuyu-6/test/test_09_unlimited_capacity.c:47
  [PASS] C:/Users/admin/c-exam-wuqiuyu-6/test/test_09_unlimited_capacity.c:46
  [PASS] C:/Users/admin/c-exam-wuqiuyu-6/test/test_09_unlimited_capacity.c:47
  [PASS] C:/Users/admin/c-exam-wuqiuyu-6/test/test_09_unlimited_capacity.c:46
  [PASS] C:/Users/admin/c-exam-wuqiuyu-6/test/test_09_unlimited_capacity.c:47
  [PASS] C:/Users/admin/c-exam-wuqiuyu-6/test/test_09_unlimited_capacity.c:46
  [PASS] C:/Users/admin/c-exam-wuqiuyu-6/test/test_09_unlimited_capacity.c:47
  [PASS] C:/Users/admin/c-exam-wuqiuyu-6/test/test_09_unlimited_capacity.c:46
  [PASS] C:/Users/admin/c-exam-wuqiuyu-6/test/test_09_unlimited_capacity.c:47
  [PASS] C:/Users/admin/c-exam-wuqiuyu-6/test/test_09_unlimited_capacity.c:46
  [PASS] C:/Users/admin/c-exam-wuqiuyu-6/test/test_09_unlimited_capacity.c:47
  [PASS] C:/Users/admin/c-exam-wuqiuyu-6/test/test_09_unlimited_capacity.c:46
  [PASS] C:/Users/admin/c-exam-wuqiuyu-6/test/test_09_unlimited_capacity.c:47
  [PASS] C:/Users/admin/c-exam-wuqiuyu-6/test/test_09_unlimited_capacity.c:46
  [PASS] C:/Users/admin/c-exam-wuqiuyu-6/test/test_09_unlimited_capacity.c:47
  [PASS] C:/Users/admin/c-exam-wuqiuyu-6/test/test_09_unlimited_capacity.c:46
  [PASS] C:/Users/admin/c-exam-wuqiuyu-6/test/test_09_unlimited_capacity.c:47
  [PASS] C:/Users/admin/c-exam-wuqiuyu-6/test/test_09_unlimited_capacity.c:46
  [PASS] C:/Users/admin/c-exam-wuqiuyu-6/test/test_09_unlimited_capacity.c:47
  [PASS] C:/Users/admin/c-exam-wuqiuyu-6/test/test_09_unlimited_capacity.c:46
  [PASS] C:/Users/admin/c-exam-wuqiuyu-6/test/test_09_unlimited_capacity.c:47
  [PASS] C:/Users/admin/c-exam-wuqiuyu-6/test/test_09_unlimited_capacity.c:46
  [PASS] C:/Users/admin/c-exam-wuqiuyu-6/test/test_09_unlimited_capacity.c:47
  [PASS] C:/Users/admin/c-exam-wuqiuyu-6/test/test_09_unlimited_capacity.c:46
  [PASS] C:/Users/admin/c-exam-wuqiuyu-6/test/test_09_unlimited_capacity.c:47
  [PASS] C:/Users/admin/c-exam-wuqiuyu-6/test/test_09_unlimited_capacity.c:46
  [PASS] C:/Users/admin/c-exam-wuqiuyu-6/test/test_09_unlimited_capacity.c:47
  [PASS] C:/Users/admin/c-exam-wuqiuyu-6/test/test_09_unlimited_capacity.c:46
  [PASS] C:/Users/admin/c-exam-wuqiuyu-6/test/test_09_unlimited_capacity.c:47
  [PASS] C:/Users/admin/c-exam-wuqiuyu-6/test/test_09_unlimited_capacity.c:46
  [PASS] C:/Users/admin/c-exam-wuqiuyu-6/test/test_09_unlimited_capacity.c:47
  [PASS] C:/Users/admin/c-exam-wuqiuyu-6/test/test_09_unlimited_capacity.c:50

========================================
   Results: 3002 passed, 0 failed
========================================
<end of output>
Test time =   0.01 sec
----------------------------------------------------------
Test Passed.
"test_09_unlimited_capacity" end time: Feb 09 10:20 中国标准时间
"test_09_unlimited_capacity" time elapsed: 00:00:00
----------------------------------------------------------

10/10 Testing: test_10_fifo_order
10/10 Test: test_10_fifo_order
Command: "C:/Users/admin/c-exam-wuqiuyu-6/bin/test_10_fifo_order.exe"
Directory: C:/Users/admin/c-exam-wuqiuyu-6/build
"test_10_fifo_order" start time: Feb 09 10:20 中国标准时间
Output:
----------------------------------------------------------
========================================
   Test 10: FIFO Order
========================================

  [PASS] C:/Users/admin/c-exam-wuqiuyu-6/test/test_10_fifo_order.c:45
  [PASS] C:/Users/admin/c-exam-wuqiuyu-6/test/test_10_fifo_order.c:45
  [PASS] C:/Users/admin/c-exam-wuqiuyu-6/test/test_10_fifo_order.c:45
  [PASS] C:/Users/admin/c-exam-wuqiuyu-6/test/test_10_fifo_order.c:45
  [PASS] C:/Users/admin/c-exam-wuqiuyu-6/test/test_10_fifo_order.c:45

========================================
   Results: 5 passed, 0 failed
========================================
<end of output>
Test time =   0.01 sec
----------------------------------------------------------
Test Passed.
"test_10_fifo_order" end time: Feb 09 10:20 中国标准时间
"test_10_fifo_order" time elapsed: 00:00:00
----------------------------------------------------------

End testing: Feb 09 10:20 中国标准时间
